{"D:\\old\\项目\\软件工程理论与实践\\myBlog\\src\\db.js": {"path":"D:\\old\\项目\\软件工程理论与实践\\myBlog\\src\\db.js","statementMap":{"0":{"start":{"line":1,"column":11},"end":{"line":1,"column":24}},"1":{"start":{"line":2,"column":13},"end":{"line":2,"column":28}},"2":{"start":{"line":3,"column":16},"end":{"line":3,"column":34}},"3":{"start":{"line":4,"column":17},"end":{"line":4,"column":34}},"4":{"start":{"line":6,"column":15},"end":{"line":6,"column":58}},"5":{"start":{"line":10,"column":2},"end":{"line":18,"column":3}},"6":{"start":{"line":11,"column":4},"end":{"line":11,"column":60}},"7":{"start":{"line":12,"column":4},"end":{"line":17,"column":6}},"8":{"start":{"line":14,"column":8},"end":{"line":14,"column":51}},"9":{"start":{"line":15,"column":8},"end":{"line":15,"column":18}},"10":{"start":{"line":19,"column":2},"end":{"line":19,"column":19}},"11":{"start":{"line":22,"column":0},"end":{"line":22,"column":27}}},"fnMap":{"0":{"name":"getDb","decl":{"start":{"line":9,"column":15},"end":{"line":9,"column":20}},"loc":{"start":{"line":9,"column":23},"end":{"line":20,"column":1}},"line":9},"1":{"name":"(anonymous_1)","decl":{"start":{"line":13,"column":6},"end":{"line":13,"column":7}},"loc":{"start":{"line":13,"column":20},"end":{"line":16,"column":7}},"line":13}},"branchMap":{"0":{"loc":{"start":{"line":10,"column":2},"end":{"line":18,"column":3}},"type":"if","locations":[{"start":{"line":10,"column":2},"end":{"line":18,"column":3}},{"start":{},"end":{}}],"line":10}},"s":{"0":8,"1":8,"2":8,"3":8,"4":8,"5":1,"6":1,"7":1,"8":1,"9":1,"10":1,"11":8},"f":{"0":1,"1":1},"b":{"0":[1,0]},"_coverageSchema":"1a1c01bbd47fc00a2c39e90264f33305004495a9","hash":"88bbb64d1feb43f9b568cf7e79ee076735c028d0"}
,"D:\\old\\项目\\软件工程理论与实践\\myBlog\\src\\models\\categoryModel.js": {"path":"D:\\old\\项目\\软件工程理论与实践\\myBlog\\src\\models\\categoryModel.js","statementMap":{"0":{"start":{"line":1,"column":18},"end":{"line":1,"column":34}},"1":{"start":{"line":2,"column":19},"end":{"line":2,"column":46}},"2":{"start":{"line":5,"column":2},"end":{"line":7,"column":3}},"3":{"start":{"line":6,"column":4},"end":{"line":6,"column":16}},"4":{"start":{"line":8,"column":13},"end":{"line":8,"column":26}},"5":{"start":{"line":9,"column":18},"end":{"line":9,"column":29}},"6":{"start":{"line":10,"column":15},"end":{"line":10,"column":30}},"7":{"start":{"line":11,"column":17},"end":{"line":14,"column":3}},"8":{"start":{"line":15,"column":2},"end":{"line":17,"column":3}},"9":{"start":{"line":16,"column":4},"end":{"line":16,"column":77}},"10":{"start":{"line":18,"column":2},"end":{"line":20,"column":3}},"11":{"start":{"line":19,"column":4},"end":{"line":19,"column":20}},"12":{"start":{"line":21,"column":2},"end":{"line":25,"column":4}},"13":{"start":{"line":26,"column":18},"end":{"line":29,"column":3}},"14":{"start":{"line":30,"column":2},"end":{"line":30,"column":25}},"15":{"start":{"line":34,"column":13},"end":{"line":34,"column":26}},"16":{"start":{"line":35,"column":21},"end":{"line":37,"column":3}},"17":{"start":{"line":38,"column":2},"end":{"line":48,"column":3}},"18":{"start":{"line":39,"column":4},"end":{"line":47,"column":5}},"19":{"start":{"line":40,"column":22},"end":{"line":40,"column":78}},"20":{"start":{"line":41,"column":6},"end":{"line":45,"column":8}},"21":{"start":{"line":46,"column":6},"end":{"line":46,"column":30}},"22":{"start":{"line":49,"column":2},"end":{"line":49,"column":20}},"23":{"start":{"line":53,"column":13},"end":{"line":53,"column":26}},"24":{"start":{"line":54,"column":17},"end":{"line":54,"column":78}},"25":{"start":{"line":55,"column":2},"end":{"line":63,"column":3}},"26":{"start":{"line":56,"column":24},"end":{"line":56,"column":48}},"27":{"start":{"line":57,"column":4},"end":{"line":62,"column":5}},"28":{"start":{"line":58,"column":6},"end":{"line":61,"column":8}},"29":{"start":{"line":64,"column":2},"end":{"line":76,"column":3}},"30":{"start":{"line":65,"column":4},"end":{"line":75,"column":5}},"31":{"start":{"line":66,"column":26},"end":{"line":66,"column":50}},"32":{"start":{"line":67,"column":6},"end":{"line":72,"column":7}},"33":{"start":{"line":68,"column":8},"end":{"line":71,"column":10}},"34":{"start":{"line":77,"column":2},"end":{"line":77,"column":18}},"35":{"start":{"line":81,"column":13},"end":{"line":81,"column":26}},"36":{"start":{"line":82,"column":2},"end":{"line":84,"column":4}},"37":{"start":{"line":87,"column":0},"end":{"line":92,"column":2}}},"fnMap":{"0":{"name":"getOrCreateCategory","decl":{"start":{"line":4,"column":15},"end":{"line":4,"column":34}},"loc":{"start":{"line":4,"column":41},"end":{"line":31,"column":1}},"line":4},"1":{"name":"listCategories","decl":{"start":{"line":33,"column":15},"end":{"line":33,"column":29}},"loc":{"start":{"line":33,"column":32},"end":{"line":50,"column":1}},"line":33},"2":{"name":"getCategoryBySlug","decl":{"start":{"line":52,"column":15},"end":{"line":52,"column":32}},"loc":{"start":{"line":52,"column":39},"end":{"line":78,"column":1}},"line":52},"3":{"name":"cleanupUnusedCategories","decl":{"start":{"line":80,"column":15},"end":{"line":80,"column":38}},"loc":{"start":{"line":80,"column":41},"end":{"line":85,"column":1}},"line":80}},"branchMap":{"0":{"loc":{"start":{"line":5,"column":2},"end":{"line":7,"column":3}},"type":"if","locations":[{"start":{"line":5,"column":2},"end":{"line":7,"column":3}},{"start":{},"end":{}}],"line":5},"1":{"loc":{"start":{"line":5,"column":6},"end":{"line":5,"column":27}},"type":"binary-expr","locations":[{"start":{"line":5,"column":6},"end":{"line":5,"column":11}},{"start":{"line":5,"column":15},"end":{"line":5,"column":27}}],"line":5},"2":{"loc":{"start":{"line":15,"column":2},"end":{"line":17,"column":3}},"type":"if","locations":[{"start":{"line":15,"column":2},"end":{"line":17,"column":3}},{"start":{},"end":{}}],"line":15},"3":{"loc":{"start":{"line":18,"column":2},"end":{"line":20,"column":3}},"type":"if","locations":[{"start":{"line":18,"column":2},"end":{"line":20,"column":3}},{"start":{},"end":{}}],"line":18},"4":{"loc":{"start":{"line":30,"column":9},"end":{"line":30,"column":24}},"type":"binary-expr","locations":[{"start":{"line":30,"column":9},"end":{"line":30,"column":16}},{"start":{"line":30,"column":20},"end":{"line":30,"column":24}}],"line":30},"5":{"loc":{"start":{"line":39,"column":4},"end":{"line":47,"column":5}},"type":"if","locations":[{"start":{"line":39,"column":4},"end":{"line":47,"column":5}},{"start":{},"end":{}}],"line":39},"6":{"loc":{"start":{"line":39,"column":8},"end":{"line":39,"column":47}},"type":"binary-expr","locations":[{"start":{"line":39,"column":8},"end":{"line":39,"column":22}},{"start":{"line":39,"column":26},"end":{"line":39,"column":47}}],"line":39},"7":{"loc":{"start":{"line":40,"column":22},"end":{"line":40,"column":78}},"type":"binary-expr","locations":[{"start":{"line":40,"column":22},"end":{"line":40,"column":49}},{"start":{"line":40,"column":53},"end":{"line":40,"column":78}}],"line":40},"8":{"loc":{"start":{"line":40,"column":29},"end":{"line":40,"column":48}},"type":"binary-expr","locations":[{"start":{"line":40,"column":29},"end":{"line":40,"column":42}},{"start":{"line":40,"column":46},"end":{"line":40,"column":48}}],"line":40},"9":{"loc":{"start":{"line":55,"column":2},"end":{"line":63,"column":3}},"type":"if","locations":[{"start":{"line":55,"column":2},"end":{"line":63,"column":3}},{"start":{},"end":{}}],"line":55},"10":{"loc":{"start":{"line":57,"column":4},"end":{"line":62,"column":5}},"type":"if","locations":[{"start":{"line":57,"column":4},"end":{"line":62,"column":5}},{"start":{},"end":{}}],"line":57},"11":{"loc":{"start":{"line":64,"column":2},"end":{"line":76,"column":3}},"type":"if","locations":[{"start":{"line":64,"column":2},"end":{"line":76,"column":3}},{"start":{},"end":{}}],"line":64},"12":{"loc":{"start":{"line":64,"column":6},"end":{"line":64,"column":37}},"type":"binary-expr","locations":[{"start":{"line":64,"column":6},"end":{"line":64,"column":15}},{"start":{"line":64,"column":19},"end":{"line":64,"column":37}}],"line":64},"13":{"loc":{"start":{"line":67,"column":6},"end":{"line":72,"column":7}},"type":"if","locations":[{"start":{"line":67,"column":6},"end":{"line":72,"column":7}},{"start":{},"end":{}}],"line":67}},"s":{"0":3,"1":3,"2":5,"3":2,"4":3,"5":3,"6":3,"7":3,"8":3,"9":2,"10":3,"11":2,"12":1,"13":1,"14":1,"15":2,"16":2,"17":2,"18":2,"19":1,"20":1,"21":1,"22":2,"23":5,"24":5,"25":5,"26":4,"27":4,"28":3,"29":5,"30":2,"31":2,"32":1,"33":1,"34":5,"35":1,"36":1,"37":3},"f":{"0":5,"1":2,"2":5,"3":1},"b":{"0":[2,3],"1":[5,4],"2":[2,1],"3":[2,1],"4":[1,0],"5":[1,1],"6":[2,1],"7":[1,0],"8":[1,0],"9":[4,1],"10":[3,1],"11":[2,3],"12":[5,3],"13":[1,0]},"_coverageSchema":"1a1c01bbd47fc00a2c39e90264f33305004495a9","hash":"b34ada41752cce15ed445f7b9f8de0ac141a8735"}
,"D:\\old\\项目\\软件工程理论与实践\\myBlog\\src\\models\\commentModel.js": {"path":"D:\\old\\项目\\软件工程理论与实践\\myBlog\\src\\models\\commentModel.js","statementMap":{"0":{"start":{"line":1,"column":18},"end":{"line":1,"column":34}},"1":{"start":{"line":4,"column":13},"end":{"line":4,"column":26}},"2":{"start":{"line":5,"column":17},"end":{"line":11,"column":3}},"3":{"start":{"line":12,"column":2},"end":{"line":12,"column":23}},"4":{"start":{"line":16,"column":13},"end":{"line":16,"column":26}},"5":{"start":{"line":17,"column":2},"end":{"line":20,"column":4}},"6":{"start":{"line":24,"column":13},"end":{"line":24,"column":26}},"7":{"start":{"line":25,"column":2},"end":{"line":27,"column":4}},"8":{"start":{"line":31,"column":13},"end":{"line":31,"column":26}},"9":{"start":{"line":32,"column":2},"end":{"line":32,"column":75}},"10":{"start":{"line":36,"column":13},"end":{"line":36,"column":26}},"11":{"start":{"line":37,"column":2},"end":{"line":37,"column":56}},"12":{"start":{"line":40,"column":0},"end":{"line":46,"column":2}}},"fnMap":{"0":{"name":"addComment","decl":{"start":{"line":3,"column":15},"end":{"line":3,"column":25}},"loc":{"start":{"line":3,"column":62},"end":{"line":13,"column":1}},"line":3},"1":{"name":"listApprovedByPost","decl":{"start":{"line":15,"column":15},"end":{"line":15,"column":33}},"loc":{"start":{"line":15,"column":42},"end":{"line":21,"column":1}},"line":15},"2":{"name":"listPending","decl":{"start":{"line":23,"column":15},"end":{"line":23,"column":26}},"loc":{"start":{"line":23,"column":29},"end":{"line":28,"column":1}},"line":23},"3":{"name":"approveComment","decl":{"start":{"line":30,"column":15},"end":{"line":30,"column":29}},"loc":{"start":{"line":30,"column":34},"end":{"line":33,"column":1}},"line":30},"4":{"name":"deleteComment","decl":{"start":{"line":35,"column":15},"end":{"line":35,"column":28}},"loc":{"start":{"line":35,"column":33},"end":{"line":38,"column":1}},"line":35}},"branchMap":{"0":{"loc":{"start":{"line":9,"column":4},"end":{"line":9,"column":17}},"type":"binary-expr","locations":[{"start":{"line":9,"column":4},"end":{"line":9,"column":9}},{"start":{"line":9,"column":13},"end":{"line":9,"column":17}}],"line":9}},"s":{"0":3,"1":2,"2":2,"3":2,"4":1,"5":1,"6":1,"7":1,"8":1,"9":1,"10":1,"11":1,"12":3},"f":{"0":2,"1":1,"2":1,"3":1,"4":1},"b":{"0":[2,1]},"_coverageSchema":"1a1c01bbd47fc00a2c39e90264f33305004495a9","hash":"14dc465d78f92fe996b9d9007fcb107a83d974fe"}
,"D:\\old\\项目\\软件工程理论与实践\\myBlog\\src\\models\\postModel.js": {"path":"D:\\old\\项目\\软件工程理论与实践\\myBlog\\src\\models\\postModel.js","statementMap":{"0":{"start":{"line":1,"column":18},"end":{"line":1,"column":34}},"1":{"start":{"line":2,"column":19},"end":{"line":2,"column":46}},"2":{"start":{"line":3,"column":20},"end":{"line":3,"column":44}},"3":{"start":{"line":4,"column":22},"end":{"line":4,"column":48}},"4":{"start":{"line":5,"column":17},"end":{"line":5,"column":38}},"5":{"start":{"line":8,"column":2},"end":{"line":8,"column":219}},"6":{"start":{"line":17,"column":13},"end":{"line":17,"column":26}},"7":{"start":{"line":18,"column":15},"end":{"line":18,"column":28}},"8":{"start":{"line":19,"column":19},"end":{"line":19,"column":72}},"9":{"start":{"line":21,"column":17},"end":{"line":28,"column":3}},"10":{"start":{"line":30,"column":2},"end":{"line":30,"column":38}},"11":{"start":{"line":31,"column":2},"end":{"line":31,"column":23}},"12":{"start":{"line":38,"column":13},"end":{"line":38,"column":26}},"13":{"start":{"line":39,"column":15},"end":{"line":39,"column":28}},"14":{"start":{"line":40,"column":19},"end":{"line":40,"column":72}},"15":{"start":{"line":41,"column":19},"end":{"line":41,"column":76}},"16":{"start":{"line":42,"column":21},"end":{"line":42,"column":54}},"17":{"start":{"line":45,"column":4},"end":{"line":45,"column":116}},"18":{"start":{"line":46,"column":17},"end":{"line":46,"column":78}},"19":{"start":{"line":47,"column":2},"end":{"line":49,"column":3}},"20":{"start":{"line":48,"column":4},"end":{"line":48,"column":46}},"21":{"start":{"line":50,"column":2},"end":{"line":50,"column":25}},"22":{"start":{"line":51,"column":2},"end":{"line":51,"column":18}},"23":{"start":{"line":53,"column":2},"end":{"line":53,"column":28}},"24":{"start":{"line":55,"column":2},"end":{"line":55,"column":27}},"25":{"start":{"line":56,"column":2},"end":{"line":56,"column":48}},"26":{"start":{"line":57,"column":2},"end":{"line":57,"column":37}},"27":{"start":{"line":61,"column":13},"end":{"line":61,"column":26}},"28":{"start":{"line":62,"column":2},"end":{"line":62,"column":53}},"29":{"start":{"line":63,"column":2},"end":{"line":63,"column":48}},"30":{"start":{"line":64,"column":2},"end":{"line":64,"column":37}},"31":{"start":{"line":68,"column":13},"end":{"line":68,"column":26}},"32":{"start":{"line":69,"column":15},"end":{"line":69,"column":63}},"33":{"start":{"line":70,"column":2},"end":{"line":72,"column":3}},"34":{"start":{"line":71,"column":4},"end":{"line":71,"column":16}},"35":{"start":{"line":73,"column":2},"end":{"line":77,"column":3}},"36":{"start":{"line":74,"column":20},"end":{"line":74,"column":65}},"37":{"start":{"line":75,"column":4},"end":{"line":75,"column":77}},"38":{"start":{"line":76,"column":4},"end":{"line":76,"column":24}},"39":{"start":{"line":78,"column":2},"end":{"line":78,"column":54}},"40":{"start":{"line":79,"column":2},"end":{"line":79,"column":39}},"41":{"start":{"line":80,"column":2},"end":{"line":80,"column":14}},"42":{"start":{"line":84,"column":13},"end":{"line":84,"column":26}},"43":{"start":{"line":85,"column":13},"end":{"line":88,"column":3}},"44":{"start":{"line":89,"column":2},"end":{"line":97,"column":3}},"45":{"start":{"line":90,"column":24},"end":{"line":90,"column":48}},"46":{"start":{"line":91,"column":4},"end":{"line":96,"column":5}},"47":{"start":{"line":92,"column":6},"end":{"line":95,"column":8}},"48":{"start":{"line":98,"column":2},"end":{"line":110,"column":3}},"49":{"start":{"line":99,"column":4},"end":{"line":109,"column":5}},"50":{"start":{"line":100,"column":26},"end":{"line":100,"column":50}},"51":{"start":{"line":101,"column":6},"end":{"line":106,"column":7}},"52":{"start":{"line":102,"column":8},"end":{"line":105,"column":10}},"53":{"start":{"line":111,"column":2},"end":{"line":113,"column":3}},"54":{"start":{"line":112,"column":4},"end":{"line":112,"column":16}},"55":{"start":{"line":114,"column":2},"end":{"line":114,"column":54}},"56":{"start":{"line":115,"column":2},"end":{"line":115,"column":39}},"57":{"start":{"line":116,"column":2},"end":{"line":116,"column":14}},"58":{"start":{"line":120,"column":13},"end":{"line":120,"column":26}},"59":{"start":{"line":121,"column":16},"end":{"line":123,"column":3}},"60":{"start":{"line":124,"column":2},"end":{"line":132,"column":3}},"61":{"start":{"line":125,"column":4},"end":{"line":129,"column":5}},"62":{"start":{"line":126,"column":22},"end":{"line":126,"column":67}},"63":{"start":{"line":127,"column":6},"end":{"line":127,"column":79}},"64":{"start":{"line":128,"column":6},"end":{"line":128,"column":26}},"65":{"start":{"line":130,"column":4},"end":{"line":130,"column":56}},"66":{"start":{"line":131,"column":4},"end":{"line":131,"column":41}},"67":{"start":{"line":133,"column":2},"end":{"line":133,"column":15}},"68":{"start":{"line":137,"column":13},"end":{"line":137,"column":26}},"69":{"start":{"line":138,"column":16},"end":{"line":141,"column":3}},"70":{"start":{"line":142,"column":2},"end":{"line":150,"column":3}},"71":{"start":{"line":143,"column":4},"end":{"line":147,"column":5}},"72":{"start":{"line":144,"column":22},"end":{"line":144,"column":67}},"73":{"start":{"line":145,"column":6},"end":{"line":145,"column":79}},"74":{"start":{"line":146,"column":6},"end":{"line":146,"column":26}},"75":{"start":{"line":148,"column":4},"end":{"line":148,"column":56}},"76":{"start":{"line":149,"column":4},"end":{"line":149,"column":41}},"77":{"start":{"line":151,"column":2},"end":{"line":151,"column":15}},"78":{"start":{"line":155,"column":13},"end":{"line":155,"column":26}},"79":{"start":{"line":156,"column":16},"end":{"line":159,"column":3}},"80":{"start":{"line":160,"column":2},"end":{"line":168,"column":3}},"81":{"start":{"line":161,"column":4},"end":{"line":165,"column":5}},"82":{"start":{"line":162,"column":22},"end":{"line":162,"column":67}},"83":{"start":{"line":163,"column":6},"end":{"line":163,"column":79}},"84":{"start":{"line":164,"column":6},"end":{"line":164,"column":26}},"85":{"start":{"line":166,"column":4},"end":{"line":166,"column":56}},"86":{"start":{"line":167,"column":4},"end":{"line":167,"column":41}},"87":{"start":{"line":169,"column":2},"end":{"line":169,"column":15}},"88":{"start":{"line":173,"column":13},"end":{"line":173,"column":26}},"89":{"start":{"line":174,"column":2},"end":{"line":176,"column":4}},"90":{"start":{"line":180,"column":13},"end":{"line":180,"column":26}},"91":{"start":{"line":181,"column":2},"end":{"line":183,"column":4}},"92":{"start":{"line":187,"column":13},"end":{"line":187,"column":26}},"93":{"start":{"line":188,"column":16},"end":{"line":191,"column":3}},"94":{"start":{"line":192,"column":2},"end":{"line":200,"column":3}},"95":{"start":{"line":193,"column":4},"end":{"line":197,"column":5}},"96":{"start":{"line":194,"column":22},"end":{"line":194,"column":67}},"97":{"start":{"line":195,"column":6},"end":{"line":195,"column":79}},"98":{"start":{"line":196,"column":6},"end":{"line":196,"column":26}},"99":{"start":{"line":198,"column":4},"end":{"line":198,"column":56}},"100":{"start":{"line":199,"column":4},"end":{"line":199,"column":41}},"101":{"start":{"line":201,"column":2},"end":{"line":201,"column":15}},"102":{"start":{"line":205,"column":13},"end":{"line":205,"column":26}},"103":{"start":{"line":206,"column":16},"end":{"line":209,"column":3}},"104":{"start":{"line":210,"column":2},"end":{"line":218,"column":3}},"105":{"start":{"line":211,"column":4},"end":{"line":215,"column":5}},"106":{"start":{"line":212,"column":22},"end":{"line":212,"column":67}},"107":{"start":{"line":213,"column":6},"end":{"line":213,"column":79}},"108":{"start":{"line":214,"column":6},"end":{"line":214,"column":26}},"109":{"start":{"line":216,"column":4},"end":{"line":216,"column":56}},"110":{"start":{"line":217,"column":4},"end":{"line":217,"column":41}},"111":{"start":{"line":219,"column":2},"end":{"line":219,"column":15}},"112":{"start":{"line":223,"column":13},"end":{"line":223,"column":26}},"113":{"start":{"line":224,"column":2},"end":{"line":226,"column":3}},"114":{"start":{"line":225,"column":4},"end":{"line":225,"column":14}},"115":{"start":{"line":227,"column":16},"end":{"line":227,"column":27}},"116":{"start":{"line":228,"column":16},"end":{"line":231,"column":3}},"117":{"start":{"line":232,"column":2},"end":{"line":240,"column":3}},"118":{"start":{"line":233,"column":4},"end":{"line":237,"column":5}},"119":{"start":{"line":234,"column":22},"end":{"line":234,"column":67}},"120":{"start":{"line":235,"column":6},"end":{"line":235,"column":79}},"121":{"start":{"line":236,"column":6},"end":{"line":236,"column":26}},"122":{"start":{"line":238,"column":4},"end":{"line":238,"column":56}},"123":{"start":{"line":239,"column":4},"end":{"line":239,"column":41}},"124":{"start":{"line":241,"column":2},"end":{"line":241,"column":15}},"125":{"start":{"line":245,"column":13},"end":{"line":245,"column":26}},"126":{"start":{"line":246,"column":2},"end":{"line":246,"column":66}},"127":{"start":{"line":247,"column":20},"end":{"line":249,"column":36}},"128":{"start":{"line":248,"column":18},"end":{"line":248,"column":28}},"129":{"start":{"line":249,"column":21},"end":{"line":249,"column":35}},"130":{"start":{"line":251,"column":2},"end":{"line":260,"column":3}},"131":{"start":{"line":252,"column":19},"end":{"line":252,"column":53}},"132":{"start":{"line":253,"column":4},"end":{"line":259,"column":5}},"133":{"start":{"line":254,"column":6},"end":{"line":258,"column":8}},"134":{"start":{"line":264,"column":13},"end":{"line":264,"column":26}},"135":{"start":{"line":265,"column":16},"end":{"line":265,"column":72}},"136":{"start":{"line":266,"column":2},"end":{"line":274,"column":3}},"137":{"start":{"line":267,"column":4},"end":{"line":271,"column":5}},"138":{"start":{"line":268,"column":22},"end":{"line":268,"column":67}},"139":{"start":{"line":269,"column":6},"end":{"line":269,"column":79}},"140":{"start":{"line":270,"column":6},"end":{"line":270,"column":26}},"141":{"start":{"line":272,"column":4},"end":{"line":272,"column":56}},"142":{"start":{"line":273,"column":4},"end":{"line":273,"column":41}},"143":{"start":{"line":275,"column":2},"end":{"line":275,"column":15}},"144":{"start":{"line":279,"column":13},"end":{"line":279,"column":26}},"145":{"start":{"line":280,"column":2},"end":{"line":282,"column":3}},"146":{"start":{"line":281,"column":4},"end":{"line":281,"column":14}},"147":{"start":{"line":283,"column":16},"end":{"line":283,"column":27}},"148":{"start":{"line":284,"column":16},"end":{"line":287,"column":3}},"149":{"start":{"line":288,"column":2},"end":{"line":296,"column":3}},"150":{"start":{"line":289,"column":4},"end":{"line":293,"column":5}},"151":{"start":{"line":290,"column":22},"end":{"line":290,"column":67}},"152":{"start":{"line":291,"column":6},"end":{"line":291,"column":79}},"153":{"start":{"line":292,"column":6},"end":{"line":292,"column":26}},"154":{"start":{"line":294,"column":4},"end":{"line":294,"column":56}},"155":{"start":{"line":295,"column":4},"end":{"line":295,"column":41}},"156":{"start":{"line":297,"column":2},"end":{"line":297,"column":15}},"157":{"start":{"line":301,"column":13},"end":{"line":301,"column":26}},"158":{"start":{"line":302,"column":2},"end":{"line":302,"column":80}},"159":{"start":{"line":306,"column":13},"end":{"line":306,"column":26}},"160":{"start":{"line":307,"column":2},"end":{"line":307,"column":80}},"161":{"start":{"line":311,"column":13},"end":{"line":311,"column":26}},"162":{"start":{"line":312,"column":2},"end":{"line":315,"column":4}},"163":{"start":{"line":318,"column":0},"end":{"line":338,"column":2}}},"fnMap":{"0":{"name":"createPost","decl":{"start":{"line":10,"column":15},"end":{"line":10,"column":25}},"loc":{"start":{"line":16,"column":3},"end":{"line":32,"column":1}},"line":16},"1":{"name":"updatePost","decl":{"start":{"line":34,"column":15},"end":{"line":34,"column":25}},"loc":{"start":{"line":37,"column":2},"end":{"line":58,"column":1}},"line":37},"2":{"name":"deletePost","decl":{"start":{"line":60,"column":15},"end":{"line":60,"column":25}},"loc":{"start":{"line":60,"column":30},"end":{"line":65,"column":1}},"line":60},"3":{"name":"getPostById","decl":{"start":{"line":67,"column":15},"end":{"line":67,"column":26}},"loc":{"start":{"line":67,"column":31},"end":{"line":81,"column":1}},"line":67},"4":{"name":"getPostBySlug","decl":{"start":{"line":83,"column":15},"end":{"line":83,"column":28}},"loc":{"start":{"line":83,"column":35},"end":{"line":117,"column":1}},"line":83},"5":{"name":"listPosts","decl":{"start":{"line":119,"column":15},"end":{"line":119,"column":24}},"loc":{"start":{"line":119,"column":27},"end":{"line":134,"column":1}},"line":119},"6":{"name":"listPostsByCategory","decl":{"start":{"line":136,"column":15},"end":{"line":136,"column":34}},"loc":{"start":{"line":136,"column":47},"end":{"line":152,"column":1}},"line":136},"7":{"name":"listPostsByTag","decl":{"start":{"line":154,"column":15},"end":{"line":154,"column":29}},"loc":{"start":{"line":154,"column":37},"end":{"line":170,"column":1}},"line":154},"8":{"name":"listArchives","decl":{"start":{"line":172,"column":15},"end":{"line":172,"column":27}},"loc":{"start":{"line":172,"column":30},"end":{"line":177,"column":1}},"line":172},"9":{"name":"listArchivesByDay","decl":{"start":{"line":179,"column":15},"end":{"line":179,"column":32}},"loc":{"start":{"line":179,"column":35},"end":{"line":184,"column":1}},"line":179},"10":{"name":"listPostsByMonth","decl":{"start":{"line":186,"column":15},"end":{"line":186,"column":31}},"loc":{"start":{"line":186,"column":39},"end":{"line":202,"column":1}},"line":186},"11":{"name":"listPostsByDay","decl":{"start":{"line":204,"column":15},"end":{"line":204,"column":29}},"loc":{"start":{"line":204,"column":35},"end":{"line":220,"column":1}},"line":204},"12":{"name":"searchPosts","decl":{"start":{"line":222,"column":15},"end":{"line":222,"column":26}},"loc":{"start":{"line":222,"column":33},"end":{"line":242,"column":1}},"line":222},"13":{"name":"syncTags","decl":{"start":{"line":244,"column":15},"end":{"line":244,"column":23}},"loc":{"start":{"line":244,"column":38},"end":{"line":261,"column":1}},"line":244},"14":{"name":"(anonymous_14)","decl":{"start":{"line":248,"column":9},"end":{"line":248,"column":10}},"loc":{"start":{"line":248,"column":18},"end":{"line":248,"column":28}},"line":248},"15":{"name":"(anonymous_15)","decl":{"start":{"line":249,"column":12},"end":{"line":249,"column":13}},"loc":{"start":{"line":249,"column":21},"end":{"line":249,"column":35}},"line":249},"16":{"name":"listAllPosts","decl":{"start":{"line":263,"column":15},"end":{"line":263,"column":27}},"loc":{"start":{"line":263,"column":30},"end":{"line":276,"column":1}},"line":263},"17":{"name":"searchAllPosts","decl":{"start":{"line":278,"column":15},"end":{"line":278,"column":29}},"loc":{"start":{"line":278,"column":36},"end":{"line":298,"column":1}},"line":278},"18":{"name":"incrementReadCount","decl":{"start":{"line":300,"column":15},"end":{"line":300,"column":33}},"loc":{"start":{"line":300,"column":38},"end":{"line":303,"column":1}},"line":300},"19":{"name":"incrementLikeCount","decl":{"start":{"line":305,"column":15},"end":{"line":305,"column":33}},"loc":{"start":{"line":305,"column":38},"end":{"line":308,"column":1}},"line":305},"20":{"name":"incrementFavoriteCount","decl":{"start":{"line":310,"column":15},"end":{"line":310,"column":37}},"loc":{"start":{"line":310,"column":42},"end":{"line":316,"column":1}},"line":310}},"branchMap":{"0":{"loc":{"start":{"line":15,"column":2},"end":{"line":15,"column":22}},"type":"default-arg","locations":[{"start":{"line":15,"column":11},"end":{"line":15,"column":22}}],"line":15},"1":{"loc":{"start":{"line":26,"column":4},"end":{"line":26,"column":33}},"type":"cond-expr","locations":[{"start":{"line":26,"column":15},"end":{"line":26,"column":26}},{"start":{"line":26,"column":29},"end":{"line":26,"column":33}}],"line":26},"2":{"loc":{"start":{"line":36,"column":40},"end":{"line":36,"column":60}},"type":"default-arg","locations":[{"start":{"line":36,"column":49},"end":{"line":36,"column":60}}],"line":36},"3":{"loc":{"start":{"line":42,"column":21},"end":{"line":42,"column":54}},"type":"cond-expr","locations":[{"start":{"line":42,"column":32},"end":{"line":42,"column":47}},{"start":{"line":42,"column":50},"end":{"line":42,"column":54}}],"line":42},"4":{"loc":{"start":{"line":46,"column":40},"end":{"line":46,"column":69}},"type":"cond-expr","locations":[{"start":{"line":46,"column":51},"end":{"line":46,"column":62}},{"start":{"line":46,"column":65},"end":{"line":46,"column":69}}],"line":46},"5":{"loc":{"start":{"line":47,"column":2},"end":{"line":49,"column":3}},"type":"if","locations":[{"start":{"line":47,"column":2},"end":{"line":49,"column":3}},{"start":{},"end":{}}],"line":47},"6":{"loc":{"start":{"line":47,"column":6},"end":{"line":47,"column":54}},"type":"binary-expr","locations":[{"start":{"line":47,"column":6},"end":{"line":47,"column":28}},{"start":{"line":47,"column":32},"end":{"line":47,"column":54}}],"line":47},"7":{"loc":{"start":{"line":70,"column":2},"end":{"line":72,"column":3}},"type":"if","locations":[{"start":{"line":70,"column":2},"end":{"line":72,"column":3}},{"start":{},"end":{}}],"line":70},"8":{"loc":{"start":{"line":73,"column":2},"end":{"line":77,"column":3}},"type":"if","locations":[{"start":{"line":73,"column":2},"end":{"line":77,"column":3}},{"start":{},"end":{}}],"line":73},"9":{"loc":{"start":{"line":73,"column":6},"end":{"line":73,"column":37}},"type":"binary-expr","locations":[{"start":{"line":73,"column":6},"end":{"line":73,"column":16}},{"start":{"line":73,"column":20},"end":{"line":73,"column":37}}],"line":73},"10":{"loc":{"start":{"line":74,"column":20},"end":{"line":74,"column":65}},"type":"binary-expr","locations":[{"start":{"line":74,"column":20},"end":{"line":74,"column":44}},{"start":{"line":74,"column":48},"end":{"line":74,"column":65}}],"line":74},"11":{"loc":{"start":{"line":74,"column":27},"end":{"line":74,"column":43}},"type":"binary-expr","locations":[{"start":{"line":74,"column":27},"end":{"line":74,"column":37}},{"start":{"line":74,"column":41},"end":{"line":74,"column":43}}],"line":74},"12":{"loc":{"start":{"line":89,"column":2},"end":{"line":97,"column":3}},"type":"if","locations":[{"start":{"line":89,"column":2},"end":{"line":97,"column":3}},{"start":{},"end":{}}],"line":89},"13":{"loc":{"start":{"line":91,"column":4},"end":{"line":96,"column":5}},"type":"if","locations":[{"start":{"line":91,"column":4},"end":{"line":96,"column":5}},{"start":{},"end":{}}],"line":91},"14":{"loc":{"start":{"line":98,"column":2},"end":{"line":110,"column":3}},"type":"if","locations":[{"start":{"line":98,"column":2},"end":{"line":110,"column":3}},{"start":{},"end":{}}],"line":98},"15":{"loc":{"start":{"line":98,"column":6},"end":{"line":98,"column":33}},"type":"binary-expr","locations":[{"start":{"line":98,"column":6},"end":{"line":98,"column":11}},{"start":{"line":98,"column":15},"end":{"line":98,"column":33}}],"line":98},"16":{"loc":{"start":{"line":101,"column":6},"end":{"line":106,"column":7}},"type":"if","locations":[{"start":{"line":101,"column":6},"end":{"line":106,"column":7}},{"start":{},"end":{}}],"line":101},"17":{"loc":{"start":{"line":111,"column":2},"end":{"line":113,"column":3}},"type":"if","locations":[{"start":{"line":111,"column":2},"end":{"line":113,"column":3}},{"start":{},"end":{}}],"line":111},"18":{"loc":{"start":{"line":125,"column":4},"end":{"line":129,"column":5}},"type":"if","locations":[{"start":{"line":125,"column":4},"end":{"line":129,"column":5}},{"start":{},"end":{}}],"line":125},"19":{"loc":{"start":{"line":125,"column":8},"end":{"line":125,"column":39}},"type":"binary-expr","locations":[{"start":{"line":125,"column":8},"end":{"line":125,"column":18}},{"start":{"line":125,"column":22},"end":{"line":125,"column":39}}],"line":125},"20":{"loc":{"start":{"line":126,"column":22},"end":{"line":126,"column":67}},"type":"binary-expr","locations":[{"start":{"line":126,"column":22},"end":{"line":126,"column":46}},{"start":{"line":126,"column":50},"end":{"line":126,"column":67}}],"line":126},"21":{"loc":{"start":{"line":126,"column":29},"end":{"line":126,"column":45}},"type":"binary-expr","locations":[{"start":{"line":126,"column":29},"end":{"line":126,"column":39}},{"start":{"line":126,"column":43},"end":{"line":126,"column":45}}],"line":126},"22":{"loc":{"start":{"line":143,"column":4},"end":{"line":147,"column":5}},"type":"if","locations":[{"start":{"line":143,"column":4},"end":{"line":147,"column":5}},{"start":{},"end":{}}],"line":143},"23":{"loc":{"start":{"line":143,"column":8},"end":{"line":143,"column":39}},"type":"binary-expr","locations":[{"start":{"line":143,"column":8},"end":{"line":143,"column":18}},{"start":{"line":143,"column":22},"end":{"line":143,"column":39}}],"line":143},"24":{"loc":{"start":{"line":144,"column":22},"end":{"line":144,"column":67}},"type":"binary-expr","locations":[{"start":{"line":144,"column":22},"end":{"line":144,"column":46}},{"start":{"line":144,"column":50},"end":{"line":144,"column":67}}],"line":144},"25":{"loc":{"start":{"line":144,"column":29},"end":{"line":144,"column":45}},"type":"binary-expr","locations":[{"start":{"line":144,"column":29},"end":{"line":144,"column":39}},{"start":{"line":144,"column":43},"end":{"line":144,"column":45}}],"line":144},"26":{"loc":{"start":{"line":161,"column":4},"end":{"line":165,"column":5}},"type":"if","locations":[{"start":{"line":161,"column":4},"end":{"line":165,"column":5}},{"start":{},"end":{}}],"line":161},"27":{"loc":{"start":{"line":161,"column":8},"end":{"line":161,"column":39}},"type":"binary-expr","locations":[{"start":{"line":161,"column":8},"end":{"line":161,"column":18}},{"start":{"line":161,"column":22},"end":{"line":161,"column":39}}],"line":161},"28":{"loc":{"start":{"line":162,"column":22},"end":{"line":162,"column":67}},"type":"binary-expr","locations":[{"start":{"line":162,"column":22},"end":{"line":162,"column":46}},{"start":{"line":162,"column":50},"end":{"line":162,"column":67}}],"line":162},"29":{"loc":{"start":{"line":162,"column":29},"end":{"line":162,"column":45}},"type":"binary-expr","locations":[{"start":{"line":162,"column":29},"end":{"line":162,"column":39}},{"start":{"line":162,"column":43},"end":{"line":162,"column":45}}],"line":162},"30":{"loc":{"start":{"line":193,"column":4},"end":{"line":197,"column":5}},"type":"if","locations":[{"start":{"line":193,"column":4},"end":{"line":197,"column":5}},{"start":{},"end":{}}],"line":193},"31":{"loc":{"start":{"line":193,"column":8},"end":{"line":193,"column":39}},"type":"binary-expr","locations":[{"start":{"line":193,"column":8},"end":{"line":193,"column":18}},{"start":{"line":193,"column":22},"end":{"line":193,"column":39}}],"line":193},"32":{"loc":{"start":{"line":194,"column":22},"end":{"line":194,"column":67}},"type":"binary-expr","locations":[{"start":{"line":194,"column":22},"end":{"line":194,"column":46}},{"start":{"line":194,"column":50},"end":{"line":194,"column":67}}],"line":194},"33":{"loc":{"start":{"line":194,"column":29},"end":{"line":194,"column":45}},"type":"binary-expr","locations":[{"start":{"line":194,"column":29},"end":{"line":194,"column":39}},{"start":{"line":194,"column":43},"end":{"line":194,"column":45}}],"line":194},"34":{"loc":{"start":{"line":211,"column":4},"end":{"line":215,"column":5}},"type":"if","locations":[{"start":{"line":211,"column":4},"end":{"line":215,"column":5}},{"start":{},"end":{}}],"line":211},"35":{"loc":{"start":{"line":211,"column":8},"end":{"line":211,"column":39}},"type":"binary-expr","locations":[{"start":{"line":211,"column":8},"end":{"line":211,"column":18}},{"start":{"line":211,"column":22},"end":{"line":211,"column":39}}],"line":211},"36":{"loc":{"start":{"line":212,"column":22},"end":{"line":212,"column":67}},"type":"binary-expr","locations":[{"start":{"line":212,"column":22},"end":{"line":212,"column":46}},{"start":{"line":212,"column":50},"end":{"line":212,"column":67}}],"line":212},"37":{"loc":{"start":{"line":212,"column":29},"end":{"line":212,"column":45}},"type":"binary-expr","locations":[{"start":{"line":212,"column":29},"end":{"line":212,"column":39}},{"start":{"line":212,"column":43},"end":{"line":212,"column":45}}],"line":212},"38":{"loc":{"start":{"line":224,"column":2},"end":{"line":226,"column":3}},"type":"if","locations":[{"start":{"line":224,"column":2},"end":{"line":226,"column":3}},{"start":{},"end":{}}],"line":224},"39":{"loc":{"start":{"line":224,"column":6},"end":{"line":224,"column":27}},"type":"binary-expr","locations":[{"start":{"line":224,"column":6},"end":{"line":224,"column":11}},{"start":{"line":224,"column":15},"end":{"line":224,"column":27}}],"line":224},"40":{"loc":{"start":{"line":233,"column":4},"end":{"line":237,"column":5}},"type":"if","locations":[{"start":{"line":233,"column":4},"end":{"line":237,"column":5}},{"start":{},"end":{}}],"line":233},"41":{"loc":{"start":{"line":233,"column":8},"end":{"line":233,"column":39}},"type":"binary-expr","locations":[{"start":{"line":233,"column":8},"end":{"line":233,"column":18}},{"start":{"line":233,"column":22},"end":{"line":233,"column":39}}],"line":233},"42":{"loc":{"start":{"line":234,"column":22},"end":{"line":234,"column":67}},"type":"binary-expr","locations":[{"start":{"line":234,"column":22},"end":{"line":234,"column":46}},{"start":{"line":234,"column":50},"end":{"line":234,"column":67}}],"line":234},"43":{"loc":{"start":{"line":234,"column":29},"end":{"line":234,"column":45}},"type":"binary-expr","locations":[{"start":{"line":234,"column":29},"end":{"line":234,"column":39}},{"start":{"line":234,"column":43},"end":{"line":234,"column":45}}],"line":234},"44":{"loc":{"start":{"line":247,"column":21},"end":{"line":247,"column":31}},"type":"binary-expr","locations":[{"start":{"line":247,"column":21},"end":{"line":247,"column":25}},{"start":{"line":247,"column":29},"end":{"line":247,"column":31}}],"line":247},"45":{"loc":{"start":{"line":253,"column":4},"end":{"line":259,"column":5}},"type":"if","locations":[{"start":{"line":253,"column":4},"end":{"line":259,"column":5}},{"start":{},"end":{}}],"line":253},"46":{"loc":{"start":{"line":267,"column":4},"end":{"line":271,"column":5}},"type":"if","locations":[{"start":{"line":267,"column":4},"end":{"line":271,"column":5}},{"start":{},"end":{}}],"line":267},"47":{"loc":{"start":{"line":267,"column":8},"end":{"line":267,"column":39}},"type":"binary-expr","locations":[{"start":{"line":267,"column":8},"end":{"line":267,"column":18}},{"start":{"line":267,"column":22},"end":{"line":267,"column":39}}],"line":267},"48":{"loc":{"start":{"line":268,"column":22},"end":{"line":268,"column":67}},"type":"binary-expr","locations":[{"start":{"line":268,"column":22},"end":{"line":268,"column":46}},{"start":{"line":268,"column":50},"end":{"line":268,"column":67}}],"line":268},"49":{"loc":{"start":{"line":268,"column":29},"end":{"line":268,"column":45}},"type":"binary-expr","locations":[{"start":{"line":268,"column":29},"end":{"line":268,"column":39}},{"start":{"line":268,"column":43},"end":{"line":268,"column":45}}],"line":268},"50":{"loc":{"start":{"line":280,"column":2},"end":{"line":282,"column":3}},"type":"if","locations":[{"start":{"line":280,"column":2},"end":{"line":282,"column":3}},{"start":{},"end":{}}],"line":280},"51":{"loc":{"start":{"line":280,"column":6},"end":{"line":280,"column":27}},"type":"binary-expr","locations":[{"start":{"line":280,"column":6},"end":{"line":280,"column":11}},{"start":{"line":280,"column":15},"end":{"line":280,"column":27}}],"line":280},"52":{"loc":{"start":{"line":289,"column":4},"end":{"line":293,"column":5}},"type":"if","locations":[{"start":{"line":289,"column":4},"end":{"line":293,"column":5}},{"start":{},"end":{}}],"line":289},"53":{"loc":{"start":{"line":289,"column":8},"end":{"line":289,"column":39}},"type":"binary-expr","locations":[{"start":{"line":289,"column":8},"end":{"line":289,"column":18}},{"start":{"line":289,"column":22},"end":{"line":289,"column":39}}],"line":289},"54":{"loc":{"start":{"line":290,"column":22},"end":{"line":290,"column":67}},"type":"binary-expr","locations":[{"start":{"line":290,"column":22},"end":{"line":290,"column":46}},{"start":{"line":290,"column":50},"end":{"line":290,"column":67}}],"line":290},"55":{"loc":{"start":{"line":290,"column":29},"end":{"line":290,"column":45}},"type":"binary-expr","locations":[{"start":{"line":290,"column":29},"end":{"line":290,"column":39}},{"start":{"line":290,"column":43},"end":{"line":290,"column":45}}],"line":290}},"s":{"0":3,"1":3,"2":3,"3":3,"4":3,"5":3,"6":3,"7":3,"8":3,"9":2,"10":2,"11":2,"12":2,"13":2,"14":2,"15":1,"16":1,"17":1,"18":1,"19":1,"20":0,"21":1,"22":1,"23":1,"24":1,"25":1,"26":1,"27":1,"28":1,"29":1,"30":1,"31":4,"32":4,"33":4,"34":2,"35":2,"36":1,"37":1,"38":1,"39":2,"40":2,"41":2,"42":5,"43":5,"44":5,"45":4,"46":4,"47":3,"48":5,"49":1,"50":1,"51":0,"52":0,"53":5,"54":2,"55":3,"56":3,"57":3,"58":1,"59":1,"60":1,"61":1,"62":0,"63":0,"64":0,"65":1,"66":1,"67":1,"68":3,"69":3,"70":3,"71":2,"72":1,"73":1,"74":1,"75":2,"76":2,"77":3,"78":3,"79":3,"80":3,"81":2,"82":1,"83":1,"84":1,"85":2,"86":2,"87":3,"88":1,"89":1,"90":1,"91":1,"92":3,"93":3,"94":3,"95":2,"96":1,"97":1,"98":1,"99":2,"100":2,"101":3,"102":3,"103":3,"104":3,"105":2,"106":1,"107":1,"108":1,"109":2,"110":2,"111":3,"112":4,"113":4,"114":1,"115":3,"116":3,"117":3,"118":2,"119":1,"120":1,"121":1,"122":2,"123":2,"124":3,"125":5,"126":5,"127":5,"128":4,"129":4,"130":5,"131":4,"132":4,"133":4,"134":1,"135":1,"136":1,"137":1,"138":0,"139":0,"140":0,"141":1,"142":1,"143":1,"144":2,"145":2,"146":1,"147":1,"148":1,"149":1,"150":1,"151":0,"152":0,"153":0,"154":1,"155":1,"156":1,"157":1,"158":1,"159":1,"160":1,"161":1,"162":1,"163":3},"f":{"0":3,"1":2,"2":1,"3":4,"4":5,"5":1,"6":3,"7":3,"8":1,"9":1,"10":3,"11":3,"12":4,"13":5,"14":4,"15":4,"16":1,"17":2,"18":1,"19":1,"20":1},"b":{"0":[0],"1":[2,0],"2":[0],"3":[1,0],"4":[1,0],"5":[0,1],"6":[1,0],"7":[2,2],"8":[1,1],"9":[2,1],"10":[1,0],"11":[1,0],"12":[4,1],"13":[3,1],"14":[1,4],"15":[5,2],"16":[0,0],"17":[2,3],"18":[0,1],"19":[1,1],"20":[0,0],"21":[0,0],"22":[1,1],"23":[2,1],"24":[1,0],"25":[1,0],"26":[1,1],"27":[2,1],"28":[1,0],"29":[1,0],"30":[1,1],"31":[2,1],"32":[1,0],"33":[1,0],"34":[1,1],"35":[2,1],"36":[1,0],"37":[1,0],"38":[1,3],"39":[4,3],"40":[1,1],"41":[2,1],"42":[1,0],"43":[1,0],"44":[5,0],"45":[4,0],"46":[0,1],"47":[1,1],"48":[0,0],"49":[0,0],"50":[1,1],"51":[2,1],"52":[0,1],"53":[1,1],"54":[0,0],"55":[0,0]},"_coverageSchema":"1a1c01bbd47fc00a2c39e90264f33305004495a9","hash":"6c5ea7d776422f21388975a84d63cdfed13d5f17"}
,"D:\\old\\项目\\软件工程理论与实践\\myBlog\\src\\models\\tagModel.js": {"path":"D:\\old\\项目\\软件工程理论与实践\\myBlog\\src\\models\\tagModel.js","statementMap":{"0":{"start":{"line":1,"column":18},"end":{"line":1,"column":34}},"1":{"start":{"line":2,"column":19},"end":{"line":2,"column":46}},"2":{"start":{"line":5,"column":18},"end":{"line":5,"column":29}},"3":{"start":{"line":6,"column":2},"end":{"line":8,"column":3}},"4":{"start":{"line":7,"column":4},"end":{"line":7,"column":16}},"5":{"start":{"line":9,"column":15},"end":{"line":9,"column":30}},"6":{"start":{"line":10,"column":13},"end":{"line":10,"column":26}},"7":{"start":{"line":11,"column":17},"end":{"line":11,"column":75}},"8":{"start":{"line":12,"column":2},"end":{"line":14,"column":3}},"9":{"start":{"line":13,"column":4},"end":{"line":13,"column":71}},"10":{"start":{"line":15,"column":2},"end":{"line":17,"column":3}},"11":{"start":{"line":16,"column":4},"end":{"line":16,"column":20}},"12":{"start":{"line":18,"column":2},"end":{"line":22,"column":4}},"13":{"start":{"line":23,"column":18},"end":{"line":23,"column":76}},"14":{"start":{"line":24,"column":2},"end":{"line":24,"column":25}},"15":{"start":{"line":28,"column":13},"end":{"line":28,"column":26}},"16":{"start":{"line":29,"column":15},"end":{"line":31,"column":3}},"17":{"start":{"line":32,"column":2},"end":{"line":38,"column":3}},"18":{"start":{"line":33,"column":4},"end":{"line":37,"column":5}},"19":{"start":{"line":34,"column":22},"end":{"line":34,"column":63}},"20":{"start":{"line":35,"column":6},"end":{"line":35,"column":77}},"21":{"start":{"line":36,"column":6},"end":{"line":36,"column":25}},"22":{"start":{"line":39,"column":2},"end":{"line":39,"column":14}},"23":{"start":{"line":43,"column":13},"end":{"line":43,"column":26}},"24":{"start":{"line":44,"column":12},"end":{"line":44,"column":67}},"25":{"start":{"line":45,"column":2},"end":{"line":50,"column":3}},"26":{"start":{"line":46,"column":24},"end":{"line":46,"column":48}},"27":{"start":{"line":47,"column":4},"end":{"line":49,"column":5}},"28":{"start":{"line":48,"column":6},"end":{"line":48,"column":75}},"29":{"start":{"line":51,"column":2},"end":{"line":60,"column":3}},"30":{"start":{"line":52,"column":4},"end":{"line":59,"column":5}},"31":{"start":{"line":53,"column":26},"end":{"line":53,"column":50}},"32":{"start":{"line":54,"column":6},"end":{"line":56,"column":7}},"33":{"start":{"line":55,"column":8},"end":{"line":55,"column":77}},"34":{"start":{"line":61,"column":2},"end":{"line":61,"column":13}},"35":{"start":{"line":65,"column":13},"end":{"line":65,"column":26}},"36":{"start":{"line":66,"column":2},"end":{"line":69,"column":4}},"37":{"start":{"line":73,"column":13},"end":{"line":73,"column":26}},"38":{"start":{"line":74,"column":2},"end":{"line":76,"column":4}},"39":{"start":{"line":79,"column":0},"end":{"line":85,"column":2}}},"fnMap":{"0":{"name":"getOrCreateTag","decl":{"start":{"line":4,"column":15},"end":{"line":4,"column":29}},"loc":{"start":{"line":4,"column":36},"end":{"line":25,"column":1}},"line":4},"1":{"name":"listTagsWithCount","decl":{"start":{"line":27,"column":15},"end":{"line":27,"column":32}},"loc":{"start":{"line":27,"column":35},"end":{"line":40,"column":1}},"line":27},"2":{"name":"getTagBySlug","decl":{"start":{"line":42,"column":15},"end":{"line":42,"column":27}},"loc":{"start":{"line":42,"column":34},"end":{"line":62,"column":1}},"line":42},"3":{"name":"listTagsForPost","decl":{"start":{"line":64,"column":15},"end":{"line":64,"column":30}},"loc":{"start":{"line":64,"column":39},"end":{"line":70,"column":1}},"line":64},"4":{"name":"cleanupUnusedTags","decl":{"start":{"line":72,"column":15},"end":{"line":72,"column":32}},"loc":{"start":{"line":72,"column":35},"end":{"line":77,"column":1}},"line":72}},"branchMap":{"0":{"loc":{"start":{"line":6,"column":2},"end":{"line":8,"column":3}},"type":"if","locations":[{"start":{"line":6,"column":2},"end":{"line":8,"column":3}},{"start":{},"end":{}}],"line":6},"1":{"loc":{"start":{"line":12,"column":2},"end":{"line":14,"column":3}},"type":"if","locations":[{"start":{"line":12,"column":2},"end":{"line":14,"column":3}},{"start":{},"end":{}}],"line":12},"2":{"loc":{"start":{"line":15,"column":2},"end":{"line":17,"column":3}},"type":"if","locations":[{"start":{"line":15,"column":2},"end":{"line":17,"column":3}},{"start":{},"end":{}}],"line":15},"3":{"loc":{"start":{"line":24,"column":9},"end":{"line":24,"column":24}},"type":"binary-expr","locations":[{"start":{"line":24,"column":9},"end":{"line":24,"column":16}},{"start":{"line":24,"column":20},"end":{"line":24,"column":24}}],"line":24},"4":{"loc":{"start":{"line":33,"column":4},"end":{"line":37,"column":5}},"type":"if","locations":[{"start":{"line":33,"column":4},"end":{"line":37,"column":5}},{"start":{},"end":{}}],"line":33},"5":{"loc":{"start":{"line":33,"column":8},"end":{"line":33,"column":37}},"type":"binary-expr","locations":[{"start":{"line":33,"column":8},"end":{"line":33,"column":17}},{"start":{"line":33,"column":21},"end":{"line":33,"column":37}}],"line":33},"6":{"loc":{"start":{"line":34,"column":22},"end":{"line":34,"column":63}},"type":"binary-expr","locations":[{"start":{"line":34,"column":22},"end":{"line":34,"column":44}},{"start":{"line":34,"column":48},"end":{"line":34,"column":63}}],"line":34},"7":{"loc":{"start":{"line":34,"column":29},"end":{"line":34,"column":43}},"type":"binary-expr","locations":[{"start":{"line":34,"column":29},"end":{"line":34,"column":37}},{"start":{"line":34,"column":41},"end":{"line":34,"column":43}}],"line":34},"8":{"loc":{"start":{"line":45,"column":2},"end":{"line":50,"column":3}},"type":"if","locations":[{"start":{"line":45,"column":2},"end":{"line":50,"column":3}},{"start":{},"end":{}}],"line":45},"9":{"loc":{"start":{"line":47,"column":4},"end":{"line":49,"column":5}},"type":"if","locations":[{"start":{"line":47,"column":4},"end":{"line":49,"column":5}},{"start":{},"end":{}}],"line":47},"10":{"loc":{"start":{"line":51,"column":2},"end":{"line":60,"column":3}},"type":"if","locations":[{"start":{"line":51,"column":2},"end":{"line":60,"column":3}},{"start":{},"end":{}}],"line":51},"11":{"loc":{"start":{"line":51,"column":6},"end":{"line":51,"column":32}},"type":"binary-expr","locations":[{"start":{"line":51,"column":6},"end":{"line":51,"column":10}},{"start":{"line":51,"column":14},"end":{"line":51,"column":32}}],"line":51},"12":{"loc":{"start":{"line":54,"column":6},"end":{"line":56,"column":7}},"type":"if","locations":[{"start":{"line":54,"column":6},"end":{"line":56,"column":7}},{"start":{},"end":{}}],"line":54}},"s":{"0":3,"1":3,"2":5,"3":5,"4":2,"5":3,"6":3,"7":3,"8":3,"9":2,"10":3,"11":2,"12":1,"13":1,"14":1,"15":2,"16":2,"17":2,"18":2,"19":1,"20":1,"21":1,"22":2,"23":5,"24":5,"25":5,"26":4,"27":4,"28":3,"29":5,"30":2,"31":2,"32":1,"33":1,"34":5,"35":1,"36":1,"37":1,"38":1,"39":3},"f":{"0":5,"1":2,"2":5,"3":1,"4":1},"b":{"0":[2,3],"1":[2,1],"2":[2,1],"3":[1,0],"4":[1,1],"5":[2,1],"6":[1,0],"7":[1,0],"8":[4,1],"9":[3,1],"10":[2,3],"11":[5,3],"12":[1,0]},"_coverageSchema":"1a1c01bbd47fc00a2c39e90264f33305004495a9","hash":"dd02b9628c0e76141195e36367473a8b5b25c9f5"}
,"D:\\old\\项目\\软件工程理论与实践\\myBlog\\src\\routes\\admin.js": {"path":"D:\\old\\项目\\软件工程理论与实践\\myBlog\\src\\routes\\admin.js","statementMap":{"0":{"start":{"line":1,"column":13},"end":{"line":1,"column":28}},"1":{"start":{"line":2,"column":11},"end":{"line":2,"column":24}},"2":{"start":{"line":3,"column":16},"end":{"line":3,"column":34}},"3":{"start":{"line":4,"column":15},"end":{"line":4,"column":32}},"4":{"start":{"line":5,"column":18},"end":{"line":5,"column":48}},"5":{"start":{"line":6,"column":21},"end":{"line":6,"column":54}},"6":{"start":{"line":7,"column":22},"end":{"line":7,"column":56}},"7":{"start":{"line":9,"column":15},"end":{"line":9,"column":31}},"8":{"start":{"line":11,"column":18},"end":{"line":11,"column":71}},"9":{"start":{"line":12,"column":0},"end":{"line":14,"column":1}},"10":{"start":{"line":13,"column":2},"end":{"line":13,"column":47}},"11":{"start":{"line":16,"column":16},"end":{"line":26,"column":2}},"12":{"start":{"line":18,"column":4},"end":{"line":18,"column":24}},"13":{"start":{"line":21,"column":16},"end":{"line":21,"column":67}},"14":{"start":{"line":22,"column":20},"end":{"line":22,"column":54}},"15":{"start":{"line":23,"column":17},"end":{"line":23,"column":81}},"16":{"start":{"line":24,"column":4},"end":{"line":24,"column":19}},"17":{"start":{"line":28,"column":15},"end":{"line":31,"column":2}},"18":{"start":{"line":33,"column":0},"end":{"line":55,"column":3}},"19":{"start":{"line":34,"column":2},"end":{"line":54,"column":3}},"20":{"start":{"line":35,"column":18},"end":{"line":35,"column":44}},"21":{"start":{"line":36,"column":25},"end":{"line":38,"column":32}},"22":{"start":{"line":39,"column":37},"end":{"line":42,"column":6}},"23":{"start":{"line":43,"column":19},"end":{"line":43,"column":66}},"24":{"start":{"line":43,"column":42},"end":{"line":43,"column":65}},"25":{"start":{"line":44,"column":27},"end":{"line":44,"column":74}},"26":{"start":{"line":44,"column":50},"end":{"line":44,"column":73}},"27":{"start":{"line":45,"column":4},"end":{"line":51,"column":7}},"28":{"start":{"line":53,"column":4},"end":{"line":53,"column":14}},"29":{"start":{"line":57,"column":0},"end":{"line":64,"column":3}},"30":{"start":{"line":58,"column":2},"end":{"line":63,"column":3}},"31":{"start":{"line":59,"column":23},"end":{"line":59,"column":59}},"32":{"start":{"line":60,"column":4},"end":{"line":60,"column":59}},"33":{"start":{"line":62,"column":4},"end":{"line":62,"column":14}},"34":{"start":{"line":67,"column":0},"end":{"line":80,"column":3}},"35":{"start":{"line":68,"column":2},"end":{"line":79,"column":5}},"36":{"start":{"line":69,"column":4},"end":{"line":73,"column":5}},"37":{"start":{"line":70,"column":6},"end":{"line":70,"column":53}},"38":{"start":{"line":71,"column":11},"end":{"line":73,"column":5}},"39":{"start":{"line":72,"column":6},"end":{"line":72,"column":58}},"40":{"start":{"line":74,"column":4},"end":{"line":76,"column":5}},"41":{"start":{"line":75,"column":6},"end":{"line":75,"column":56}},"42":{"start":{"line":77,"column":16},"end":{"line":77,"column":54}},"43":{"start":{"line":78,"column":4},"end":{"line":78,"column":29}},"44":{"start":{"line":82,"column":0},"end":{"line":109,"column":3}},"45":{"start":{"line":83,"column":2},"end":{"line":108,"column":3}},"46":{"start":{"line":85,"column":6},"end":{"line":85,"column":14}},"47":{"start":{"line":86,"column":4},"end":{"line":91,"column":5}},"48":{"start":{"line":87,"column":6},"end":{"line":90,"column":9}},"49":{"start":{"line":92,"column":22},"end":{"line":92,"column":49}},"50":{"start":{"line":93,"column":19},"end":{"line":93,"column":61}},"51":{"start":{"line":95,"column":6},"end":{"line":97,"column":18}},"52":{"start":{"line":98,"column":4},"end":{"line":104,"column":7}},"53":{"start":{"line":105,"column":4},"end":{"line":105,"column":27}},"54":{"start":{"line":107,"column":4},"end":{"line":107,"column":14}},"55":{"start":{"line":111,"column":0},"end":{"line":125,"column":3}},"56":{"start":{"line":112,"column":2},"end":{"line":124,"column":3}},"57":{"start":{"line":113,"column":17},"end":{"line":113,"column":59}},"58":{"start":{"line":114,"column":4},"end":{"line":118,"column":5}},"59":{"start":{"line":115,"column":6},"end":{"line":117,"column":62}},"60":{"start":{"line":119,"column":20},"end":{"line":119,"column":63}},"61":{"start":{"line":119,"column":43},"end":{"line":119,"column":51}},"62":{"start":{"line":120,"column":23},"end":{"line":120,"column":59}},"63":{"start":{"line":121,"column":4},"end":{"line":121,"column":75}},"64":{"start":{"line":123,"column":4},"end":{"line":123,"column":14}},"65":{"start":{"line":127,"column":0},"end":{"line":154,"column":3}},"66":{"start":{"line":128,"column":2},"end":{"line":153,"column":3}},"67":{"start":{"line":130,"column":6},"end":{"line":130,"column":14}},"68":{"start":{"line":131,"column":4},"end":{"line":136,"column":5}},"69":{"start":{"line":132,"column":6},"end":{"line":135,"column":9}},"70":{"start":{"line":137,"column":22},"end":{"line":137,"column":49}},"71":{"start":{"line":138,"column":19},"end":{"line":138,"column":61}},"72":{"start":{"line":140,"column":6},"end":{"line":142,"column":18}},"73":{"start":{"line":143,"column":4},"end":{"line":149,"column":7}},"74":{"start":{"line":150,"column":4},"end":{"line":150,"column":27}},"75":{"start":{"line":152,"column":4},"end":{"line":152,"column":14}},"76":{"start":{"line":156,"column":0},"end":{"line":163,"column":3}},"77":{"start":{"line":157,"column":2},"end":{"line":162,"column":3}},"78":{"start":{"line":158,"column":4},"end":{"line":158,"column":46}},"79":{"start":{"line":159,"column":4},"end":{"line":159,"column":27}},"80":{"start":{"line":161,"column":4},"end":{"line":161,"column":14}},"81":{"start":{"line":165,"column":0},"end":{"line":172,"column":3}},"82":{"start":{"line":166,"column":2},"end":{"line":171,"column":3}},"83":{"start":{"line":167,"column":4},"end":{"line":167,"column":53}},"84":{"start":{"line":168,"column":4},"end":{"line":168,"column":27}},"85":{"start":{"line":170,"column":4},"end":{"line":170,"column":14}},"86":{"start":{"line":174,"column":0},"end":{"line":181,"column":3}},"87":{"start":{"line":175,"column":2},"end":{"line":180,"column":3}},"88":{"start":{"line":176,"column":4},"end":{"line":176,"column":52}},"89":{"start":{"line":177,"column":4},"end":{"line":177,"column":27}},"90":{"start":{"line":179,"column":4},"end":{"line":179,"column":14}},"91":{"start":{"line":183,"column":0},"end":{"line":183,"column":24}}},"fnMap":{"0":{"name":"(anonymous_0)","decl":{"start":{"line":17,"column":15},"end":{"line":17,"column":16}},"loc":{"start":{"line":17,"column":34},"end":{"line":19,"column":3}},"line":17},"1":{"name":"(anonymous_1)","decl":{"start":{"line":20,"column":12},"end":{"line":20,"column":13}},"loc":{"start":{"line":20,"column":31},"end":{"line":25,"column":3}},"line":20},"2":{"name":"(anonymous_2)","decl":{"start":{"line":33,"column":16},"end":{"line":33,"column":17}},"loc":{"start":{"line":33,"column":42},"end":{"line":55,"column":1}},"line":33},"3":{"name":"(anonymous_3)","decl":{"start":{"line":43,"column":32},"end":{"line":43,"column":33}},"loc":{"start":{"line":43,"column":42},"end":{"line":43,"column":65}},"line":43},"4":{"name":"(anonymous_4)","decl":{"start":{"line":44,"column":40},"end":{"line":44,"column":41}},"loc":{"start":{"line":44,"column":50},"end":{"line":44,"column":73}},"line":44},"5":{"name":"(anonymous_5)","decl":{"start":{"line":57,"column":25},"end":{"line":57,"column":26}},"loc":{"start":{"line":57,"column":51},"end":{"line":64,"column":1}},"line":57},"6":{"name":"(anonymous_6)","decl":{"start":{"line":67,"column":24},"end":{"line":67,"column":25}},"loc":{"start":{"line":67,"column":44},"end":{"line":80,"column":1}},"line":67},"7":{"name":"(anonymous_7)","decl":{"start":{"line":68,"column":35},"end":{"line":68,"column":36}},"loc":{"start":{"line":68,"column":50},"end":{"line":79,"column":3}},"line":68},"8":{"name":"(anonymous_8)","decl":{"start":{"line":82,"column":22},"end":{"line":82,"column":23}},"loc":{"start":{"line":82,"column":48},"end":{"line":109,"column":1}},"line":82},"9":{"name":"(anonymous_9)","decl":{"start":{"line":111,"column":30},"end":{"line":111,"column":31}},"loc":{"start":{"line":111,"column":56},"end":{"line":125,"column":1}},"line":111},"10":{"name":"(anonymous_10)","decl":{"start":{"line":119,"column":34},"end":{"line":119,"column":35}},"loc":{"start":{"line":119,"column":43},"end":{"line":119,"column":51}},"line":119},"11":{"name":"(anonymous_11)","decl":{"start":{"line":127,"column":26},"end":{"line":127,"column":27}},"loc":{"start":{"line":127,"column":52},"end":{"line":154,"column":1}},"line":127},"12":{"name":"(anonymous_12)","decl":{"start":{"line":156,"column":33},"end":{"line":156,"column":34}},"loc":{"start":{"line":156,"column":59},"end":{"line":163,"column":1}},"line":156},"13":{"name":"(anonymous_13)","decl":{"start":{"line":165,"column":37},"end":{"line":165,"column":38}},"loc":{"start":{"line":165,"column":63},"end":{"line":172,"column":1}},"line":165},"14":{"name":"(anonymous_14)","decl":{"start":{"line":174,"column":36},"end":{"line":174,"column":37}},"loc":{"start":{"line":174,"column":62},"end":{"line":181,"column":1}},"line":174}},"branchMap":{"0":{"loc":{"start":{"line":12,"column":0},"end":{"line":14,"column":1}},"type":"if","locations":[{"start":{"line":12,"column":0},"end":{"line":14,"column":1}},{"start":{},"end":{}}],"line":12},"1":{"loc":{"start":{"line":21,"column":29},"end":{"line":21,"column":52}},"type":"binary-expr","locations":[{"start":{"line":21,"column":29},"end":{"line":21,"column":46}},{"start":{"line":21,"column":50},"end":{"line":21,"column":52}}],"line":21},"2":{"loc":{"start":{"line":22,"column":20},"end":{"line":22,"column":54}},"type":"cond-expr","locations":[{"start":{"line":22,"column":46},"end":{"line":22,"column":49}},{"start":{"line":22,"column":52},"end":{"line":22,"column":54}}],"line":22},"3":{"loc":{"start":{"line":22,"column":20},"end":{"line":22,"column":43}},"type":"binary-expr","locations":[{"start":{"line":22,"column":20},"end":{"line":22,"column":23}},{"start":{"line":22,"column":27},"end":{"line":22,"column":43}}],"line":22},"4":{"loc":{"start":{"line":35,"column":19},"end":{"line":35,"column":36}},"type":"binary-expr","locations":[{"start":{"line":35,"column":19},"end":{"line":35,"column":30}},{"start":{"line":35,"column":34},"end":{"line":35,"column":36}}],"line":35},"5":{"loc":{"start":{"line":36,"column":25},"end":{"line":38,"column":32}},"type":"cond-expr","locations":[{"start":{"line":37,"column":8},"end":{"line":37,"column":39}},{"start":{"line":38,"column":8},"end":{"line":38,"column":32}}],"line":36},"6":{"loc":{"start":{"line":69,"column":4},"end":{"line":73,"column":5}},"type":"if","locations":[{"start":{"line":69,"column":4},"end":{"line":73,"column":5}},{"start":{"line":71,"column":11},"end":{"line":73,"column":5}}],"line":69},"7":{"loc":{"start":{"line":69,"column":8},"end":{"line":69,"column":45}},"type":"binary-expr","locations":[{"start":{"line":69,"column":8},"end":{"line":69,"column":11}},{"start":{"line":69,"column":15},"end":{"line":69,"column":45}}],"line":69},"8":{"loc":{"start":{"line":71,"column":11},"end":{"line":73,"column":5}},"type":"if","locations":[{"start":{"line":71,"column":11},"end":{"line":73,"column":5}},{"start":{},"end":{}}],"line":71},"9":{"loc":{"start":{"line":74,"column":4},"end":{"line":76,"column":5}},"type":"if","locations":[{"start":{"line":74,"column":4},"end":{"line":76,"column":5}},{"start":{},"end":{}}],"line":74},"10":{"loc":{"start":{"line":86,"column":4},"end":{"line":91,"column":5}},"type":"if","locations":[{"start":{"line":86,"column":4},"end":{"line":91,"column":5}},{"start":{},"end":{}}],"line":86},"11":{"loc":{"start":{"line":86,"column":8},"end":{"line":86,"column":26}},"type":"binary-expr","locations":[{"start":{"line":86,"column":8},"end":{"line":86,"column":14}},{"start":{"line":86,"column":18},"end":{"line":86,"column":26}}],"line":86},"12":{"loc":{"start":{"line":92,"column":22},"end":{"line":92,"column":49}},"type":"cond-expr","locations":[{"start":{"line":92,"column":29},"end":{"line":92,"column":44}},{"start":{"line":92,"column":47},"end":{"line":92,"column":49}}],"line":92},"13":{"loc":{"start":{"line":93,"column":19},"end":{"line":93,"column":61}},"type":"cond-expr","locations":[{"start":{"line":93,"column":40},"end":{"line":93,"column":47}},{"start":{"line":93,"column":50},"end":{"line":93,"column":61}}],"line":93},"14":{"loc":{"start":{"line":95,"column":6},"end":{"line":97,"column":18}},"type":"cond-expr","locations":[{"start":{"line":96,"column":10},"end":{"line":96,"column":32}},{"start":{"line":97,"column":10},"end":{"line":97,"column":18}}],"line":95},"15":{"loc":{"start":{"line":95,"column":6},"end":{"line":95,"column":47}},"type":"binary-expr","locations":[{"start":{"line":95,"column":6},"end":{"line":95,"column":21}},{"start":{"line":95,"column":25},"end":{"line":95,"column":47}}],"line":95},"16":{"loc":{"start":{"line":114,"column":4},"end":{"line":118,"column":5}},"type":"if","locations":[{"start":{"line":114,"column":4},"end":{"line":118,"column":5}},{"start":{},"end":{}}],"line":114},"17":{"loc":{"start":{"line":131,"column":4},"end":{"line":136,"column":5}},"type":"if","locations":[{"start":{"line":131,"column":4},"end":{"line":136,"column":5}},{"start":{},"end":{}}],"line":131},"18":{"loc":{"start":{"line":131,"column":8},"end":{"line":131,"column":26}},"type":"binary-expr","locations":[{"start":{"line":131,"column":8},"end":{"line":131,"column":14}},{"start":{"line":131,"column":18},"end":{"line":131,"column":26}}],"line":131},"19":{"loc":{"start":{"line":137,"column":22},"end":{"line":137,"column":49}},"type":"cond-expr","locations":[{"start":{"line":137,"column":29},"end":{"line":137,"column":44}},{"start":{"line":137,"column":47},"end":{"line":137,"column":49}}],"line":137},"20":{"loc":{"start":{"line":138,"column":19},"end":{"line":138,"column":61}},"type":"cond-expr","locations":[{"start":{"line":138,"column":40},"end":{"line":138,"column":47}},{"start":{"line":138,"column":50},"end":{"line":138,"column":61}}],"line":138},"21":{"loc":{"start":{"line":140,"column":6},"end":{"line":142,"column":18}},"type":"cond-expr","locations":[{"start":{"line":141,"column":10},"end":{"line":141,"column":32}},{"start":{"line":142,"column":10},"end":{"line":142,"column":18}}],"line":140},"22":{"loc":{"start":{"line":140,"column":6},"end":{"line":140,"column":47}},"type":"binary-expr","locations":[{"start":{"line":140,"column":6},"end":{"line":140,"column":21}},{"start":{"line":140,"column":25},"end":{"line":140,"column":47}}],"line":140}},"s":{"0":1,"1":1,"2":1,"3":1,"4":1,"5":1,"6":1,"7":1,"8":1,"9":1,"10":0,"11":1,"12":5,"13":5,"14":5,"15":5,"16":5,"17":1,"18":1,"19":2,"20":2,"21":2,"22":2,"23":1,"24":2,"25":1,"26":2,"27":1,"28":1,"29":1,"30":2,"31":2,"32":1,"33":1,"34":1,"35":6,"36":6,"37":1,"38":5,"39":0,"40":5,"41":1,"42":4,"43":4,"44":1,"45":6,"46":6,"47":6,"48":1,"49":5,"50":5,"51":5,"52":5,"53":4,"54":1,"55":1,"56":3,"57":3,"58":2,"59":1,"60":1,"61":0,"62":1,"63":1,"64":1,"65":1,"66":5,"67":5,"68":5,"69":0,"70":5,"71":5,"72":5,"73":5,"74":4,"75":1,"76":1,"77":2,"78":2,"79":1,"80":1,"81":1,"82":2,"83":2,"84":1,"85":1,"86":1,"87":2,"88":2,"89":1,"90":1,"91":1},"f":{"0":5,"1":5,"2":2,"3":2,"4":2,"5":2,"6":6,"7":6,"8":6,"9":3,"10":0,"11":5,"12":2,"13":2,"14":2},"b":{"0":[0,1],"1":[5,0],"2":[3,2],"3":[5,5],"4":[2,2],"5":[0,2],"6":[1,5],"7":[6,1],"8":[0,5],"9":[1,4],"10":[1,5],"11":[6,5],"12":[3,2],"13":[1,4],"14":[1,4],"15":[5,1],"16":[1,1],"17":[0,5],"18":[5,5],"19":[3,2],"20":[1,4],"21":[1,4],"22":[5,1]},"_coverageSchema":"1a1c01bbd47fc00a2c39e90264f33305004495a9","hash":"ba88d271edee24758585b6ccda2750437d00ec4a"}
,"D:\\old\\项目\\软件工程理论与实践\\myBlog\\src\\routes\\public.js": {"path":"D:\\old\\项目\\软件工程理论与实践\\myBlog\\src\\routes\\public.js","statementMap":{"0":{"start":{"line":1,"column":16},"end":{"line":1,"column":34}},"1":{"start":{"line":2,"column":19},"end":{"line":2,"column":36}},"2":{"start":{"line":3,"column":18},"end":{"line":3,"column":48}},"3":{"start":{"line":4,"column":21},"end":{"line":4,"column":54}},"4":{"start":{"line":5,"column":22},"end":{"line":5,"column":56}},"5":{"start":{"line":6,"column":17},"end":{"line":6,"column":46}},"6":{"start":{"line":8,"column":15},"end":{"line":8,"column":31}},"7":{"start":{"line":10,"column":0},"end":{"line":10,"column":36}},"8":{"start":{"line":12,"column":0},"end":{"line":19,"column":3}},"9":{"start":{"line":13,"column":2},"end":{"line":18,"column":3}},"10":{"start":{"line":14,"column":18},"end":{"line":14,"column":45}},"11":{"start":{"line":15,"column":4},"end":{"line":15,"column":48}},"12":{"start":{"line":17,"column":4},"end":{"line":17,"column":14}},"13":{"start":{"line":21,"column":0},"end":{"line":46,"column":3}},"14":{"start":{"line":22,"column":2},"end":{"line":45,"column":3}},"15":{"start":{"line":23,"column":17},"end":{"line":23,"column":63}},"16":{"start":{"line":24,"column":4},"end":{"line":28,"column":5}},"17":{"start":{"line":25,"column":6},"end":{"line":27,"column":62}},"18":{"start":{"line":29,"column":4},"end":{"line":29,"column":48}},"19":{"start":{"line":30,"column":4},"end":{"line":30,"column":49}},"20":{"start":{"line":31,"column":4},"end":{"line":31,"column":43}},"21":{"start":{"line":32,"column":21},"end":{"line":32,"column":67}},"22":{"start":{"line":33,"column":29},"end":{"line":36,"column":7}},"23":{"start":{"line":33,"column":56},"end":{"line":36,"column":5}},"24":{"start":{"line":37,"column":4},"end":{"line":42,"column":7}},"25":{"start":{"line":44,"column":4},"end":{"line":44,"column":14}},"26":{"start":{"line":48,"column":0},"end":{"line":68,"column":3}},"27":{"start":{"line":49,"column":2},"end":{"line":67,"column":3}},"28":{"start":{"line":50,"column":17},"end":{"line":50,"column":63}},"29":{"start":{"line":51,"column":4},"end":{"line":55,"column":5}},"30":{"start":{"line":52,"column":6},"end":{"line":54,"column":62}},"31":{"start":{"line":56,"column":39},"end":{"line":56,"column":47}},"32":{"start":{"line":57,"column":4},"end":{"line":62,"column":5}},"33":{"start":{"line":58,"column":6},"end":{"line":61,"column":9}},"34":{"start":{"line":63,"column":4},"end":{"line":63,"column":79}},"35":{"start":{"line":64,"column":4},"end":{"line":64,"column":49}},"36":{"start":{"line":66,"column":4},"end":{"line":66,"column":14}},"37":{"start":{"line":70,"column":0},"end":{"line":217,"column":3}},"38":{"start":{"line":71,"column":2},"end":{"line":216,"column":3}},"39":{"start":{"line":72,"column":16},"end":{"line":72,"column":29}},"40":{"start":{"line":73,"column":18},"end":{"line":73,"column":33}},"41":{"start":{"line":74,"column":4},"end":{"line":89,"column":5}},"42":{"start":{"line":75,"column":20},"end":{"line":75,"column":55}},"43":{"start":{"line":76,"column":6},"end":{"line":88,"column":9}},"44":{"start":{"line":90,"column":21},"end":{"line":90,"column":51}},"45":{"start":{"line":91,"column":24},"end":{"line":91,"column":59}},"46":{"start":{"line":92,"column":24},"end":{"line":92,"column":33}},"47":{"start":{"line":93,"column":4},"end":{"line":95,"column":7}},"48":{"start":{"line":94,"column":6},"end":{"line":94,"column":44}},"49":{"start":{"line":96,"column":26},"end":{"line":96,"column":35}},"50":{"start":{"line":97,"column":4},"end":{"line":99,"column":7}},"51":{"start":{"line":98,"column":6},"end":{"line":98,"column":48}},"52":{"start":{"line":101,"column":31},"end":{"line":141,"column":5}},"53":{"start":{"line":102,"column":20},"end":{"line":102,"column":39}},"54":{"start":{"line":103,"column":19},"end":{"line":103,"column":35}},"55":{"start":{"line":104,"column":25},"end":{"line":104,"column":41}},"56":{"start":{"line":105,"column":24},"end":{"line":105,"column":57}},"57":{"start":{"line":106,"column":26},"end":{"line":106,"column":65}},"58":{"start":{"line":107,"column":27},"end":{"line":107,"column":55}},"59":{"start":{"line":108,"column":20},"end":{"line":108,"column":22}},"60":{"start":{"line":109,"column":22},"end":{"line":109,"column":23}},"61":{"start":{"line":110,"column":17},"end":{"line":110,"column":19}},"62":{"start":{"line":112,"column":6},"end":{"line":114,"column":7}},"63":{"start":{"line":112,"column":19},"end":{"line":112,"column":20}},"64":{"start":{"line":113,"column":8},"end":{"line":113,"column":55}},"65":{"start":{"line":116,"column":6},"end":{"line":126,"column":7}},"66":{"start":{"line":117,"column":26},"end":{"line":117,"column":60}},"67":{"start":{"line":118,"column":25},"end":{"line":118,"column":51}},"68":{"start":{"line":119,"column":22},"end":{"line":119,"column":52}},"69":{"start":{"line":120,"column":8},"end":{"line":120,"column":61}},"70":{"start":{"line":121,"column":8},"end":{"line":124,"column":9}},"71":{"start":{"line":122,"column":10},"end":{"line":122,"column":27}},"72":{"start":{"line":123,"column":10},"end":{"line":123,"column":20}},"73":{"start":{"line":125,"column":8},"end":{"line":125,"column":23}},"74":{"start":{"line":128,"column":6},"end":{"line":133,"column":7}},"75":{"start":{"line":129,"column":8},"end":{"line":131,"column":9}},"76":{"start":{"line":130,"column":10},"end":{"line":130,"column":57}},"77":{"start":{"line":132,"column":8},"end":{"line":132,"column":25}},"78":{"start":{"line":135,"column":6},"end":{"line":140,"column":8}},"79":{"start":{"line":143,"column":27},"end":{"line":147,"column":5}},"80":{"start":{"line":144,"column":16},"end":{"line":144,"column":34}},"81":{"start":{"line":145,"column":16},"end":{"line":145,"column":60}},"82":{"start":{"line":146,"column":6},"end":{"line":146,"column":25}},"83":{"start":{"line":149,"column":24},"end":{"line":154,"column":5}},"84":{"start":{"line":150,"column":20},"end":{"line":150,"column":39}},"85":{"start":{"line":151,"column":16},"end":{"line":151,"column":32}},"86":{"start":{"line":152,"column":16},"end":{"line":152,"column":32}},"87":{"start":{"line":153,"column":6},"end":{"line":153,"column":35}},"88":{"start":{"line":156,"column":22},"end":{"line":160,"column":5}},"89":{"start":{"line":157,"column":19},"end":{"line":157,"column":40}},"90":{"start":{"line":158,"column":6},"end":{"line":158,"column":45}},"91":{"start":{"line":159,"column":6},"end":{"line":159,"column":34}},"92":{"start":{"line":162,"column":21},"end":{"line":162,"column":63}},"93":{"start":{"line":163,"column":21},"end":{"line":165,"column":12}},"94":{"start":{"line":166,"column":25},"end":{"line":166,"column":63}},"95":{"start":{"line":167,"column":24},"end":{"line":167,"column":45}},"96":{"start":{"line":168,"column":28},"end":{"line":168,"column":69}},"97":{"start":{"line":169,"column":21},"end":{"line":171,"column":12}},"98":{"start":{"line":173,"column":6},"end":{"line":175,"column":14}},"99":{"start":{"line":177,"column":6},"end":{"line":179,"column":14}},"100":{"start":{"line":180,"column":29},"end":{"line":182,"column":9}},"101":{"start":{"line":184,"column":25},"end":{"line":184,"column":27}},"102":{"start":{"line":185,"column":4},"end":{"line":196,"column":5}},"103":{"start":{"line":186,"column":19},"end":{"line":186,"column":40}},"104":{"start":{"line":187,"column":18},"end":{"line":187,"column":39}},"105":{"start":{"line":188,"column":6},"end":{"line":195,"column":7}},"106":{"start":{"line":189,"column":20},"end":{"line":189,"column":42}},"107":{"start":{"line":190,"column":8},"end":{"line":193,"column":11}},"108":{"start":{"line":194,"column":8},"end":{"line":194,"column":47}},"109":{"start":{"line":198,"column":19},"end":{"line":198,"column":21}},"110":{"start":{"line":199,"column":4},"end":{"line":213,"column":7}},"111":{"start":{"line":215,"column":4},"end":{"line":215,"column":14}},"112":{"start":{"line":219,"column":0},"end":{"line":233,"column":3}},"113":{"start":{"line":220,"column":2},"end":{"line":232,"column":3}},"114":{"start":{"line":221,"column":21},"end":{"line":221,"column":75}},"115":{"start":{"line":222,"column":4},"end":{"line":227,"column":5}},"116":{"start":{"line":223,"column":6},"end":{"line":226,"column":9}},"117":{"start":{"line":228,"column":18},"end":{"line":228,"column":66}},"118":{"start":{"line":229,"column":4},"end":{"line":229,"column":70}},"119":{"start":{"line":231,"column":4},"end":{"line":231,"column":14}},"120":{"start":{"line":235,"column":0},"end":{"line":248,"column":3}},"121":{"start":{"line":236,"column":2},"end":{"line":247,"column":3}},"122":{"start":{"line":237,"column":16},"end":{"line":237,"column":60}},"123":{"start":{"line":238,"column":4},"end":{"line":242,"column":5}},"124":{"start":{"line":239,"column":6},"end":{"line":241,"column":62}},"125":{"start":{"line":243,"column":18},"end":{"line":243,"column":56}},"126":{"start":{"line":244,"column":4},"end":{"line":244,"column":63}},"127":{"start":{"line":246,"column":4},"end":{"line":246,"column":14}},"128":{"start":{"line":250,"column":0},"end":{"line":258,"column":3}},"129":{"start":{"line":251,"column":2},"end":{"line":257,"column":3}},"130":{"start":{"line":252,"column":18},"end":{"line":252,"column":35}},"131":{"start":{"line":253,"column":18},"end":{"line":253,"column":65}},"132":{"start":{"line":254,"column":4},"end":{"line":254,"column":56}},"133":{"start":{"line":256,"column":4},"end":{"line":256,"column":14}},"134":{"start":{"line":260,"column":0},"end":{"line":262,"column":3}},"135":{"start":{"line":261,"column":2},"end":{"line":261,"column":39}},"136":{"start":{"line":264,"column":0},"end":{"line":277,"column":3}},"137":{"start":{"line":265,"column":2},"end":{"line":276,"column":3}},"138":{"start":{"line":266,"column":17},"end":{"line":266,"column":63}},"139":{"start":{"line":267,"column":4},"end":{"line":271,"column":5}},"140":{"start":{"line":268,"column":6},"end":{"line":270,"column":62}},"141":{"start":{"line":272,"column":4},"end":{"line":272,"column":48}},"142":{"start":{"line":273,"column":4},"end":{"line":273,"column":39}},"143":{"start":{"line":275,"column":4},"end":{"line":275,"column":14}},"144":{"start":{"line":279,"column":0},"end":{"line":292,"column":3}},"145":{"start":{"line":280,"column":2},"end":{"line":291,"column":3}},"146":{"start":{"line":281,"column":17},"end":{"line":281,"column":63}},"147":{"start":{"line":282,"column":4},"end":{"line":286,"column":5}},"148":{"start":{"line":283,"column":6},"end":{"line":285,"column":62}},"149":{"start":{"line":287,"column":4},"end":{"line":287,"column":52}},"150":{"start":{"line":288,"column":4},"end":{"line":288,"column":39}},"151":{"start":{"line":290,"column":4},"end":{"line":290,"column":14}},"152":{"start":{"line":294,"column":0},"end":{"line":294,"column":24}}},"fnMap":{"0":{"name":"(anonymous_0)","decl":{"start":{"line":12,"column":16},"end":{"line":12,"column":17}},"loc":{"start":{"line":12,"column":42},"end":{"line":19,"column":1}},"line":12},"1":{"name":"(anonymous_1)","decl":{"start":{"line":21,"column":26},"end":{"line":21,"column":27}},"loc":{"start":{"line":21,"column":52},"end":{"line":46,"column":1}},"line":21},"2":{"name":"(anonymous_2)","decl":{"start":{"line":33,"column":42},"end":{"line":33,"column":43}},"loc":{"start":{"line":33,"column":56},"end":{"line":36,"column":5}},"line":33},"3":{"name":"(anonymous_3)","decl":{"start":{"line":48,"column":36},"end":{"line":48,"column":37}},"loc":{"start":{"line":48,"column":62},"end":{"line":68,"column":1}},"line":48},"4":{"name":"(anonymous_4)","decl":{"start":{"line":70,"column":23},"end":{"line":70,"column":24}},"loc":{"start":{"line":70,"column":49},"end":{"line":217,"column":1}},"line":70},"5":{"name":"(anonymous_5)","decl":{"start":{"line":93,"column":24},"end":{"line":93,"column":25}},"loc":{"start":{"line":93,"column":34},"end":{"line":95,"column":5}},"line":93},"6":{"name":"(anonymous_6)","decl":{"start":{"line":97,"column":21},"end":{"line":97,"column":22}},"loc":{"start":{"line":97,"column":31},"end":{"line":99,"column":5}},"line":97},"7":{"name":"(anonymous_7)","decl":{"start":{"line":101,"column":31},"end":{"line":101,"column":32}},"loc":{"start":{"line":101,"column":45},"end":{"line":141,"column":5}},"line":101},"8":{"name":"(anonymous_8)","decl":{"start":{"line":143,"column":27},"end":{"line":143,"column":28}},"loc":{"start":{"line":143,"column":37},"end":{"line":147,"column":5}},"line":143},"9":{"name":"(anonymous_9)","decl":{"start":{"line":149,"column":24},"end":{"line":149,"column":25}},"loc":{"start":{"line":149,"column":38},"end":{"line":154,"column":5}},"line":149},"10":{"name":"(anonymous_10)","decl":{"start":{"line":156,"column":22},"end":{"line":156,"column":23}},"loc":{"start":{"line":156,"column":43},"end":{"line":160,"column":5}},"line":156},"11":{"name":"(anonymous_11)","decl":{"start":{"line":219,"column":30},"end":{"line":219,"column":31}},"loc":{"start":{"line":219,"column":56},"end":{"line":233,"column":1}},"line":219},"12":{"name":"(anonymous_12)","decl":{"start":{"line":235,"column":25},"end":{"line":235,"column":26}},"loc":{"start":{"line":235,"column":51},"end":{"line":248,"column":1}},"line":235},"13":{"name":"(anonymous_13)","decl":{"start":{"line":250,"column":22},"end":{"line":250,"column":23}},"loc":{"start":{"line":250,"column":48},"end":{"line":258,"column":1}},"line":250},"14":{"name":"(anonymous_14)","decl":{"start":{"line":260,"column":21},"end":{"line":260,"column":22}},"loc":{"start":{"line":260,"column":35},"end":{"line":262,"column":1}},"line":260},"15":{"name":"(anonymous_15)","decl":{"start":{"line":264,"column":32},"end":{"line":264,"column":33}},"loc":{"start":{"line":264,"column":58},"end":{"line":277,"column":1}},"line":264},"16":{"name":"(anonymous_16)","decl":{"start":{"line":279,"column":36},"end":{"line":279,"column":37}},"loc":{"start":{"line":279,"column":62},"end":{"line":292,"column":1}},"line":279}},"branchMap":{"0":{"loc":{"start":{"line":24,"column":4},"end":{"line":28,"column":5}},"type":"if","locations":[{"start":{"line":24,"column":4},"end":{"line":28,"column":5}},{"start":{},"end":{}}],"line":24},"1":{"loc":{"start":{"line":30,"column":23},"end":{"line":30,"column":43}},"type":"binary-expr","locations":[{"start":{"line":30,"column":23},"end":{"line":30,"column":38}},{"start":{"line":30,"column":42},"end":{"line":30,"column":43}}],"line":30},"2":{"loc":{"start":{"line":35,"column":25},"end":{"line":35,"column":46}},"type":"binary-expr","locations":[{"start":{"line":35,"column":25},"end":{"line":35,"column":40}},{"start":{"line":35,"column":44},"end":{"line":35,"column":46}}],"line":35},"3":{"loc":{"start":{"line":51,"column":4},"end":{"line":55,"column":5}},"type":"if","locations":[{"start":{"line":51,"column":4},"end":{"line":55,"column":5}},{"start":{},"end":{}}],"line":51},"4":{"loc":{"start":{"line":57,"column":4},"end":{"line":62,"column":5}},"type":"if","locations":[{"start":{"line":57,"column":4},"end":{"line":62,"column":5}},{"start":{},"end":{}}],"line":57},"5":{"loc":{"start":{"line":57,"column":8},"end":{"line":57,"column":27}},"type":"binary-expr","locations":[{"start":{"line":57,"column":8},"end":{"line":57,"column":15}},{"start":{"line":57,"column":19},"end":{"line":57,"column":27}}],"line":57},"6":{"loc":{"start":{"line":74,"column":4},"end":{"line":89,"column":5}},"type":"if","locations":[{"start":{"line":74,"column":4},"end":{"line":89,"column":5}},{"start":{},"end":{}}],"line":74},"7":{"loc":{"start":{"line":119,"column":22},"end":{"line":119,"column":52}},"type":"binary-expr","locations":[{"start":{"line":119,"column":22},"end":{"line":119,"column":47}},{"start":{"line":119,"column":51},"end":{"line":119,"column":52}}],"line":119},"8":{"loc":{"start":{"line":121,"column":8},"end":{"line":124,"column":9}},"type":"if","locations":[{"start":{"line":121,"column":8},"end":{"line":124,"column":9}},{"start":{},"end":{}}],"line":121},"9":{"loc":{"start":{"line":128,"column":6},"end":{"line":133,"column":7}},"type":"if","locations":[{"start":{"line":128,"column":6},"end":{"line":133,"column":7}},{"start":{},"end":{}}],"line":128},"10":{"loc":{"start":{"line":162,"column":21},"end":{"line":162,"column":63}},"type":"cond-expr","locations":[{"start":{"line":162,"column":39},"end":{"line":162,"column":56}},{"start":{"line":162,"column":59},"end":{"line":162,"column":63}}],"line":162},"11":{"loc":{"start":{"line":163,"column":21},"end":{"line":165,"column":12}},"type":"cond-expr","locations":[{"start":{"line":164,"column":8},"end":{"line":164,"column":43}},{"start":{"line":165,"column":8},"end":{"line":165,"column":12}}],"line":163},"12":{"loc":{"start":{"line":166,"column":25},"end":{"line":166,"column":63}},"type":"binary-expr","locations":[{"start":{"line":166,"column":25},"end":{"line":166,"column":33}},{"start":{"line":166,"column":37},"end":{"line":166,"column":63}}],"line":166},"13":{"loc":{"start":{"line":167,"column":24},"end":{"line":167,"column":45}},"type":"binary-expr","locations":[{"start":{"line":167,"column":24},"end":{"line":167,"column":29}},{"start":{"line":167,"column":33},"end":{"line":167,"column":45}}],"line":167},"14":{"loc":{"start":{"line":168,"column":28},"end":{"line":168,"column":69}},"type":"cond-expr","locations":[{"start":{"line":168,"column":51},"end":{"line":168,"column":62}},{"start":{"line":168,"column":65},"end":{"line":168,"column":69}}],"line":168},"15":{"loc":{"start":{"line":168,"column":28},"end":{"line":168,"column":48}},"type":"binary-expr","locations":[{"start":{"line":168,"column":28},"end":{"line":168,"column":36}},{"start":{"line":168,"column":40},"end":{"line":168,"column":48}}],"line":168},"16":{"loc":{"start":{"line":169,"column":21},"end":{"line":171,"column":12}},"type":"cond-expr","locations":[{"start":{"line":170,"column":8},"end":{"line":170,"column":43}},{"start":{"line":171,"column":8},"end":{"line":171,"column":12}}],"line":169},"17":{"loc":{"start":{"line":173,"column":6},"end":{"line":175,"column":14}},"type":"cond-expr","locations":[{"start":{"line":174,"column":10},"end":{"line":174,"column":40}},{"start":{"line":175,"column":10},"end":{"line":175,"column":14}}],"line":173},"18":{"loc":{"start":{"line":173,"column":6},"end":{"line":173,"column":63}},"type":"binary-expr","locations":[{"start":{"line":173,"column":6},"end":{"line":173,"column":14}},{"start":{"line":173,"column":18},"end":{"line":173,"column":33}},{"start":{"line":173,"column":37},"end":{"line":173,"column":63}}],"line":173},"19":{"loc":{"start":{"line":177,"column":6},"end":{"line":179,"column":14}},"type":"cond-expr","locations":[{"start":{"line":178,"column":10},"end":{"line":178,"column":39}},{"start":{"line":179,"column":10},"end":{"line":179,"column":14}}],"line":177},"20":{"loc":{"start":{"line":177,"column":6},"end":{"line":177,"column":63}},"type":"binary-expr","locations":[{"start":{"line":177,"column":6},"end":{"line":177,"column":14}},{"start":{"line":177,"column":18},"end":{"line":177,"column":33}},{"start":{"line":177,"column":37},"end":{"line":177,"column":63}}],"line":177},"21":{"loc":{"start":{"line":180,"column":29},"end":{"line":182,"column":9}},"type":"cond-expr","locations":[{"start":{"line":181,"column":8},"end":{"line":181,"column":47}},{"start":{"line":182,"column":8},"end":{"line":182,"column":9}}],"line":180},"22":{"loc":{"start":{"line":181,"column":8},"end":{"line":181,"column":47}},"type":"binary-expr","locations":[{"start":{"line":181,"column":8},"end":{"line":181,"column":42}},{"start":{"line":181,"column":46},"end":{"line":181,"column":47}}],"line":181},"23":{"loc":{"start":{"line":185,"column":4},"end":{"line":196,"column":5}},"type":"if","locations":[{"start":{"line":185,"column":4},"end":{"line":196,"column":5}},{"start":{},"end":{}}],"line":185},"24":{"loc":{"start":{"line":185,"column":8},"end":{"line":185,"column":28}},"type":"binary-expr","locations":[{"start":{"line":185,"column":8},"end":{"line":185,"column":16}},{"start":{"line":185,"column":20},"end":{"line":185,"column":28}}],"line":185},"25":{"loc":{"start":{"line":192,"column":17},"end":{"line":192,"column":44}},"type":"binary-expr","locations":[{"start":{"line":192,"column":17},"end":{"line":192,"column":39}},{"start":{"line":192,"column":43},"end":{"line":192,"column":44}}],"line":192},"26":{"loc":{"start":{"line":222,"column":4},"end":{"line":227,"column":5}},"type":"if","locations":[{"start":{"line":222,"column":4},"end":{"line":227,"column":5}},{"start":{},"end":{}}],"line":222},"27":{"loc":{"start":{"line":238,"column":4},"end":{"line":242,"column":5}},"type":"if","locations":[{"start":{"line":238,"column":4},"end":{"line":242,"column":5}},{"start":{},"end":{}}],"line":238},"28":{"loc":{"start":{"line":252,"column":18},"end":{"line":252,"column":35}},"type":"binary-expr","locations":[{"start":{"line":252,"column":18},"end":{"line":252,"column":29}},{"start":{"line":252,"column":33},"end":{"line":252,"column":35}}],"line":252},"29":{"loc":{"start":{"line":253,"column":18},"end":{"line":253,"column":65}},"type":"cond-expr","locations":[{"start":{"line":253,"column":26},"end":{"line":253,"column":60}},{"start":{"line":253,"column":63},"end":{"line":253,"column":65}}],"line":253},"30":{"loc":{"start":{"line":267,"column":4},"end":{"line":271,"column":5}},"type":"if","locations":[{"start":{"line":267,"column":4},"end":{"line":271,"column":5}},{"start":{},"end":{}}],"line":267},"31":{"loc":{"start":{"line":282,"column":4},"end":{"line":286,"column":5}},"type":"if","locations":[{"start":{"line":282,"column":4},"end":{"line":286,"column":5}},{"start":{},"end":{}}],"line":282}},"s":{"0":1,"1":1,"2":1,"3":1,"4":1,"5":1,"6":1,"7":1,"8":1,"9":1,"10":1,"11":1,"12":0,"13":1,"14":2,"15":2,"16":2,"17":1,"18":1,"19":1,"20":1,"21":1,"22":1,"23":0,"24":1,"25":0,"26":1,"27":3,"28":3,"29":3,"30":1,"31":2,"32":2,"33":1,"34":1,"35":1,"36":0,"37":1,"38":4,"39":4,"40":4,"41":4,"42":2,"43":1,"44":2,"45":2,"46":2,"47":2,"48":1,"49":2,"50":2,"51":1,"52":2,"53":1,"54":1,"55":1,"56":1,"57":1,"58":1,"59":1,"60":1,"61":1,"62":1,"63":1,"64":2,"65":1,"66":30,"67":30,"68":30,"69":30,"70":30,"71":4,"72":4,"73":30,"74":1,"75":1,"76":3,"77":1,"78":1,"79":2,"80":2,"81":2,"82":2,"83":2,"84":2,"85":2,"86":2,"87":2,"88":2,"89":0,"90":0,"91":0,"92":2,"93":2,"94":2,"95":2,"96":2,"97":2,"98":2,"99":2,"100":2,"101":2,"102":2,"103":1,"104":1,"105":1,"106":1,"107":1,"108":1,"109":2,"110":2,"111":1,"112":1,"113":4,"114":4,"115":3,"116":1,"117":2,"118":2,"119":1,"120":1,"121":4,"122":4,"123":3,"124":1,"125":2,"126":2,"127":1,"128":1,"129":3,"130":3,"131":3,"132":2,"133":1,"134":1,"135":1,"136":1,"137":3,"138":3,"139":2,"140":1,"141":1,"142":1,"143":1,"144":1,"145":3,"146":3,"147":2,"148":1,"149":1,"150":1,"151":1,"152":1},"f":{"0":1,"1":2,"2":0,"3":3,"4":4,"5":1,"6":1,"7":1,"8":2,"9":2,"10":0,"11":4,"12":4,"13":3,"14":1,"15":3,"16":3},"b":{"0":[1,1],"1":[1,1],"2":[0,0],"3":[1,2],"4":[1,1],"5":[2,1],"6":[2,2],"7":[30,29],"8":[4,26],"9":[1,0],"10":[1,1],"11":[1,1],"12":[2,1],"13":[2,1],"14":[1,1],"15":[2,1],"16":[1,1],"17":[0,2],"18":[2,1,1],"19":[0,2],"20":[2,1,1],"21":[1,1],"22":[1,0],"23":[1,1],"24":[2,1],"25":[1,0],"26":[1,2],"27":[1,2],"28":[3,1],"29":[2,1],"30":[1,1],"31":[1,1]},"_coverageSchema":"1a1c01bbd47fc00a2c39e90264f33305004495a9","hash":"97dad8618b10da5e0d83b1e8a1dcd11b1f1fc9b8"}
,"D:\\old\\项目\\软件工程理论与实践\\myBlog\\src\\utils\\slugify.js": {"path":"D:\\old\\项目\\软件工程理论与实践\\myBlog\\src\\utils\\slugify.js","statementMap":{"0":{"start":{"line":1,"column":16},"end":{"line":1,"column":34}},"1":{"start":{"line":4,"column":2},"end":{"line":6,"column":3}},"2":{"start":{"line":5,"column":4},"end":{"line":5,"column":14}},"3":{"start":{"line":7,"column":18},"end":{"line":7,"column":30}},"4":{"start":{"line":8,"column":2},"end":{"line":10,"column":3}},"5":{"start":{"line":9,"column":4},"end":{"line":9,"column":14}},"6":{"start":{"line":11,"column":13},"end":{"line":15,"column":25}},"7":{"start":{"line":16,"column":2},"end":{"line":18,"column":3}},"8":{"start":{"line":17,"column":4},"end":{"line":17,"column":40}},"9":{"start":{"line":19,"column":2},"end":{"line":19,"column":14}},"10":{"start":{"line":22,"column":0},"end":{"line":22,"column":28}}},"fnMap":{"0":{"name":"toSlug","decl":{"start":{"line":3,"column":9},"end":{"line":3,"column":15}},"loc":{"start":{"line":3,"column":23},"end":{"line":20,"column":1}},"line":3}},"branchMap":{"0":{"loc":{"start":{"line":4,"column":2},"end":{"line":6,"column":3}},"type":"if","locations":[{"start":{"line":4,"column":2},"end":{"line":6,"column":3}},{"start":{},"end":{}}],"line":4},"1":{"loc":{"start":{"line":8,"column":2},"end":{"line":10,"column":3}},"type":"if","locations":[{"start":{"line":8,"column":2},"end":{"line":10,"column":3}},{"start":{},"end":{}}],"line":8},"2":{"loc":{"start":{"line":16,"column":2},"end":{"line":18,"column":3}},"type":"if","locations":[{"start":{"line":16,"column":2},"end":{"line":18,"column":3}},{"start":{},"end":{}}],"line":16}},"s":{"0":9,"1":24,"2":2,"3":22,"4":22,"5":1,"6":21,"7":21,"8":1,"9":21,"10":9},"f":{"0":24},"b":{"0":[2,22],"1":[1,21],"2":[1,20]},"_coverageSchema":"1a1c01bbd47fc00a2c39e90264f33305004495a9","hash":"8babceb32d22b800a0089b096282eb1f7f49770a"}
,"D:\\old\\项目\\软件工程理论与实践\\myBlog\\src\\utils\\text.js": {"path":"D:\\old\\项目\\软件工程理论与实践\\myBlog\\src\\utils\\text.js","statementMap":{"0":{"start":{"line":2,"column":2},"end":{"line":4,"column":3}},"1":{"start":{"line":3,"column":4},"end":{"line":3,"column":14}},"2":{"start":{"line":5,"column":2},"end":{"line":15,"column":12}},"3":{"start":{"line":19,"column":16},"end":{"line":19,"column":36}},"4":{"start":{"line":20,"column":2},"end":{"line":22,"column":3}},"5":{"start":{"line":21,"column":4},"end":{"line":21,"column":17}},"6":{"start":{"line":23,"column":2},"end":{"line":23,"column":50}},"7":{"start":{"line":26,"column":0},"end":{"line":26,"column":44}}},"fnMap":{"0":{"name":"stripMarkdown","decl":{"start":{"line":1,"column":9},"end":{"line":1,"column":22}},"loc":{"start":{"line":1,"column":30},"end":{"line":16,"column":1}},"line":1},"1":{"name":"excerpt","decl":{"start":{"line":18,"column":9},"end":{"line":18,"column":16}},"loc":{"start":{"line":18,"column":41},"end":{"line":24,"column":1}},"line":18}},"branchMap":{"0":{"loc":{"start":{"line":2,"column":2},"end":{"line":4,"column":3}},"type":"if","locations":[{"start":{"line":2,"column":2},"end":{"line":4,"column":3}},{"start":{},"end":{}}],"line":2},"1":{"loc":{"start":{"line":18,"column":24},"end":{"line":18,"column":39}},"type":"default-arg","locations":[{"start":{"line":18,"column":36},"end":{"line":18,"column":39}}],"line":18},"2":{"loc":{"start":{"line":20,"column":2},"end":{"line":22,"column":3}},"type":"if","locations":[{"start":{"line":20,"column":2},"end":{"line":22,"column":3}},{"start":{},"end":{}}],"line":20}},"s":{"0":23,"1":1,"2":22,"3":20,"4":20,"5":19,"6":1,"7":3},"f":{"0":23,"1":20},"b":{"0":[1,22],"1":[18],"2":[19,1]},"_coverageSchema":"1a1c01bbd47fc00a2c39e90264f33305004495a9","hash":"191cc3f6ca8ce9a76153abd925e34d323894622f"}
}
