TN:
SF:src\db.js
FN:9,getDb
FN:13,(anonymous_1)
FNF:2
FNH:2
FNDA:1,getDb
FNDA:1,(anonymous_1)
DA:1,8
DA:2,8
DA:3,8
DA:4,8
DA:6,8
DA:10,1
DA:11,1
DA:12,1
DA:14,1
DA:15,1
DA:19,1
DA:22,8
LF:12
LH:12
BRDA:10,0,0,1
BRDA:10,0,1,0
BRF:2
BRH:1
end_of_record
TN:
SF:src\models\categoryModel.js
FN:4,getOrCreateCategory
FN:33,listCategories
FN:52,getCategoryBySlug
FN:80,cleanupUnusedCategories
FNF:4
FNH:4
FNDA:5,getOrCreateCategory
FNDA:2,listCategories
FNDA:5,getCategoryBySlug
FNDA:1,cleanupUnusedCategories
DA:1,3
DA:2,3
DA:5,5
DA:6,2
DA:8,3
DA:9,3
DA:10,3
DA:11,3
DA:15,3
DA:16,2
DA:18,3
DA:19,2
DA:21,1
DA:26,1
DA:30,1
DA:34,2
DA:35,2
DA:38,2
DA:39,2
DA:40,1
DA:41,1
DA:46,1
DA:49,2
DA:53,5
DA:54,5
DA:55,5
DA:56,4
DA:57,4
DA:58,3
DA:64,5
DA:65,2
DA:66,2
DA:67,1
DA:68,1
DA:77,5
DA:81,1
DA:82,1
DA:87,3
LF:38
LH:38
BRDA:5,0,0,2
BRDA:5,0,1,3
BRDA:5,1,0,5
BRDA:5,1,1,4
BRDA:15,2,0,2
BRDA:15,2,1,1
BRDA:18,3,0,2
BRDA:18,3,1,1
BRDA:30,4,0,1
BRDA:30,4,1,0
BRDA:39,5,0,1
BRDA:39,5,1,1
BRDA:39,6,0,2
BRDA:39,6,1,1
BRDA:40,7,0,1
BRDA:40,7,1,0
BRDA:40,8,0,1
BRDA:40,8,1,0
BRDA:55,9,0,4
BRDA:55,9,1,1
BRDA:57,10,0,3
BRDA:57,10,1,1
BRDA:64,11,0,2
BRDA:64,11,1,3
BRDA:64,12,0,5
BRDA:64,12,1,3
BRDA:67,13,0,1
BRDA:67,13,1,0
BRF:28
BRH:24
end_of_record
TN:
SF:src\models\commentModel.js
FN:3,addComment
FN:15,listApprovedByPost
FN:23,listPending
FN:30,approveComment
FN:35,deleteComment
FNF:5
FNH:5
FNDA:2,addComment
FNDA:1,listApprovedByPost
FNDA:1,listPending
FNDA:1,approveComment
FNDA:1,deleteComment
DA:1,3
DA:4,2
DA:5,2
DA:12,2
DA:16,1
DA:17,1
DA:24,1
DA:25,1
DA:31,1
DA:32,1
DA:36,1
DA:37,1
DA:40,3
LF:13
LH:13
BRDA:9,0,0,2
BRDA:9,0,1,1
BRF:2
BRH:2
end_of_record
TN:
SF:src\models\postModel.js
FN:10,createPost
FN:34,updatePost
FN:60,deletePost
FN:67,getPostById
FN:83,getPostBySlug
FN:119,listPosts
FN:136,listPostsByCategory
FN:154,listPostsByTag
FN:172,listArchives
FN:179,listArchivesByDay
FN:186,listPostsByMonth
FN:204,listPostsByDay
FN:222,searchPosts
FN:244,syncTags
FN:248,(anonymous_14)
FN:249,(anonymous_15)
FN:263,listAllPosts
FN:278,searchAllPosts
FN:300,incrementReadCount
FN:305,incrementLikeCount
FN:310,incrementFavoriteCount
FNF:21
FNH:21
FNDA:3,createPost
FNDA:2,updatePost
FNDA:1,deletePost
FNDA:4,getPostById
FNDA:5,getPostBySlug
FNDA:1,listPosts
FNDA:3,listPostsByCategory
FNDA:3,listPostsByTag
FNDA:1,listArchives
FNDA:1,listArchivesByDay
FNDA:3,listPostsByMonth
FNDA:3,listPostsByDay
FNDA:4,searchPosts
FNDA:5,syncTags
FNDA:4,(anonymous_14)
FNDA:4,(anonymous_15)
FNDA:1,listAllPosts
FNDA:2,searchAllPosts
FNDA:1,incrementReadCount
FNDA:1,incrementLikeCount
FNDA:1,incrementFavoriteCount
DA:1,3
DA:2,3
DA:3,3
DA:4,3
DA:5,3
DA:8,3
DA:17,3
DA:18,3
DA:19,3
DA:21,2
DA:30,2
DA:31,2
DA:38,2
DA:39,2
DA:40,2
DA:41,1
DA:42,1
DA:45,1
DA:46,1
DA:47,1
DA:48,0
DA:50,1
DA:51,1
DA:53,1
DA:55,1
DA:56,1
DA:57,1
DA:61,1
DA:62,1
DA:63,1
DA:64,1
DA:68,4
DA:69,4
DA:70,4
DA:71,2
DA:73,2
DA:74,1
DA:75,1
DA:76,1
DA:78,2
DA:79,2
DA:80,2
DA:84,5
DA:85,5
DA:89,5
DA:90,4
DA:91,4
DA:92,3
DA:98,5
DA:99,1
DA:100,1
DA:101,0
DA:102,0
DA:111,5
DA:112,2
DA:114,3
DA:115,3
DA:116,3
DA:120,1
DA:121,1
DA:124,1
DA:125,1
DA:126,0
DA:127,0
DA:128,0
DA:130,1
DA:131,1
DA:133,1
DA:137,3
DA:138,3
DA:142,3
DA:143,2
DA:144,1
DA:145,1
DA:146,1
DA:148,2
DA:149,2
DA:151,3
DA:155,3
DA:156,3
DA:160,3
DA:161,2
DA:162,1
DA:163,1
DA:164,1
DA:166,2
DA:167,2
DA:169,3
DA:173,1
DA:174,1
DA:180,1
DA:181,1
DA:187,3
DA:188,3
DA:192,3
DA:193,2
DA:194,1
DA:195,1
DA:196,1
DA:198,2
DA:199,2
DA:201,3
DA:205,3
DA:206,3
DA:210,3
DA:211,2
DA:212,1
DA:213,1
DA:214,1
DA:216,2
DA:217,2
DA:219,3
DA:223,4
DA:224,4
DA:225,1
DA:227,3
DA:228,3
DA:232,3
DA:233,2
DA:234,1
DA:235,1
DA:236,1
DA:238,2
DA:239,2
DA:241,3
DA:245,5
DA:246,5
DA:247,5
DA:248,4
DA:249,4
DA:251,5
DA:252,4
DA:253,4
DA:254,4
DA:264,1
DA:265,1
DA:266,1
DA:267,1
DA:268,0
DA:269,0
DA:270,0
DA:272,1
DA:273,1
DA:275,1
DA:279,2
DA:280,2
DA:281,1
DA:283,1
DA:284,1
DA:288,1
DA:289,1
DA:290,0
DA:291,0
DA:292,0
DA:294,1
DA:295,1
DA:297,1
DA:301,1
DA:302,1
DA:306,1
DA:307,1
DA:311,1
DA:312,1
DA:318,3
LF:164
LH:152
BRDA:15,0,0,0
BRDA:26,1,0,2
BRDA:26,1,1,0
BRDA:36,2,0,0
BRDA:42,3,0,1
BRDA:42,3,1,0
BRDA:46,4,0,1
BRDA:46,4,1,0
BRDA:47,5,0,0
BRDA:47,5,1,1
BRDA:47,6,0,1
BRDA:47,6,1,0
BRDA:70,7,0,2
BRDA:70,7,1,2
BRDA:73,8,0,1
BRDA:73,8,1,1
BRDA:73,9,0,2
BRDA:73,9,1,1
BRDA:74,10,0,1
BRDA:74,10,1,0
BRDA:74,11,0,1
BRDA:74,11,1,0
BRDA:89,12,0,4
BRDA:89,12,1,1
BRDA:91,13,0,3
BRDA:91,13,1,1
BRDA:98,14,0,1
BRDA:98,14,1,4
BRDA:98,15,0,5
BRDA:98,15,1,2
BRDA:101,16,0,0
BRDA:101,16,1,0
BRDA:111,17,0,2
BRDA:111,17,1,3
BRDA:125,18,0,0
BRDA:125,18,1,1
BRDA:125,19,0,1
BRDA:125,19,1,1
BRDA:126,20,0,0
BRDA:126,20,1,0
BRDA:126,21,0,0
BRDA:126,21,1,0
BRDA:143,22,0,1
BRDA:143,22,1,1
BRDA:143,23,0,2
BRDA:143,23,1,1
BRDA:144,24,0,1
BRDA:144,24,1,0
BRDA:144,25,0,1
BRDA:144,25,1,0
BRDA:161,26,0,1
BRDA:161,26,1,1
BRDA:161,27,0,2
BRDA:161,27,1,1
BRDA:162,28,0,1
BRDA:162,28,1,0
BRDA:162,29,0,1
BRDA:162,29,1,0
BRDA:193,30,0,1
BRDA:193,30,1,1
BRDA:193,31,0,2
BRDA:193,31,1,1
BRDA:194,32,0,1
BRDA:194,32,1,0
BRDA:194,33,0,1
BRDA:194,33,1,0
BRDA:211,34,0,1
BRDA:211,34,1,1
BRDA:211,35,0,2
BRDA:211,35,1,1
BRDA:212,36,0,1
BRDA:212,36,1,0
BRDA:212,37,0,1
BRDA:212,37,1,0
BRDA:224,38,0,1
BRDA:224,38,1,3
BRDA:224,39,0,4
BRDA:224,39,1,3
BRDA:233,40,0,1
BRDA:233,40,1,1
BRDA:233,41,0,2
BRDA:233,41,1,1
BRDA:234,42,0,1
BRDA:234,42,1,0
BRDA:234,43,0,1
BRDA:234,43,1,0
BRDA:247,44,0,5
BRDA:247,44,1,0
BRDA:253,45,0,4
BRDA:253,45,1,0
BRDA:267,46,0,0
BRDA:267,46,1,1
BRDA:267,47,0,1
BRDA:267,47,1,1
BRDA:268,48,0,0
BRDA:268,48,1,0
BRDA:268,49,0,0
BRDA:268,49,1,0
BRDA:280,50,0,1
BRDA:280,50,1,1
BRDA:280,51,0,2
BRDA:280,51,1,1
BRDA:289,52,0,0
BRDA:289,52,1,1
BRDA:289,53,0,1
BRDA:289,53,1,1
BRDA:290,54,0,0
BRDA:290,54,1,0
BRDA:290,55,0,0
BRDA:290,55,1,0
BRF:110
BRH:72
end_of_record
TN:
SF:src\models\tagModel.js
FN:4,getOrCreateTag
FN:27,listTagsWithCount
FN:42,getTagBySlug
FN:64,listTagsForPost
FN:72,cleanupUnusedTags
FNF:5
FNH:5
FNDA:5,getOrCreateTag
FNDA:2,listTagsWithCount
FNDA:5,getTagBySlug
FNDA:1,listTagsForPost
FNDA:1,cleanupUnusedTags
DA:1,3
DA:2,3
DA:5,5
DA:6,5
DA:7,2
DA:9,3
DA:10,3
DA:11,3
DA:12,3
DA:13,2
DA:15,3
DA:16,2
DA:18,1
DA:23,1
DA:24,1
DA:28,2
DA:29,2
DA:32,2
DA:33,2
DA:34,1
DA:35,1
DA:36,1
DA:39,2
DA:43,5
DA:44,5
DA:45,5
DA:46,4
DA:47,4
DA:48,3
DA:51,5
DA:52,2
DA:53,2
DA:54,1
DA:55,1
DA:61,5
DA:65,1
DA:66,1
DA:73,1
DA:74,1
DA:79,3
LF:40
LH:40
BRDA:6,0,0,2
BRDA:6,0,1,3
BRDA:12,1,0,2
BRDA:12,1,1,1
BRDA:15,2,0,2
BRDA:15,2,1,1
BRDA:24,3,0,1
BRDA:24,3,1,0
BRDA:33,4,0,1
BRDA:33,4,1,1
BRDA:33,5,0,2
BRDA:33,5,1,1
BRDA:34,6,0,1
BRDA:34,6,1,0
BRDA:34,7,0,1
BRDA:34,7,1,0
BRDA:45,8,0,4
BRDA:45,8,1,1
BRDA:47,9,0,3
BRDA:47,9,1,1
BRDA:51,10,0,2
BRDA:51,10,1,3
BRDA:51,11,0,5
BRDA:51,11,1,3
BRDA:54,12,0,1
BRDA:54,12,1,0
BRF:26
BRH:22
end_of_record
TN:
SF:src\routes\admin.js
FN:17,(anonymous_0)
FN:20,(anonymous_1)
FN:33,(anonymous_2)
FN:43,(anonymous_3)
FN:44,(anonymous_4)
FN:57,(anonymous_5)
FN:67,(anonymous_6)
FN:68,(anonymous_7)
FN:82,(anonymous_8)
FN:111,(anonymous_9)
FN:119,(anonymous_10)
FN:127,(anonymous_11)
FN:156,(anonymous_12)
FN:165,(anonymous_13)
FN:174,(anonymous_14)
FNF:15
FNH:14
FNDA:5,(anonymous_0)
FNDA:5,(anonymous_1)
FNDA:2,(anonymous_2)
FNDA:2,(anonymous_3)
FNDA:2,(anonymous_4)
FNDA:2,(anonymous_5)
FNDA:6,(anonymous_6)
FNDA:6,(anonymous_7)
FNDA:6,(anonymous_8)
FNDA:3,(anonymous_9)
FNDA:0,(anonymous_10)
FNDA:5,(anonymous_11)
FNDA:2,(anonymous_12)
FNDA:2,(anonymous_13)
FNDA:2,(anonymous_14)
DA:1,1
DA:2,1
DA:3,1
DA:4,1
DA:5,1
DA:6,1
DA:7,1
DA:9,1
DA:11,1
DA:12,1
DA:13,0
DA:16,1
DA:18,5
DA:21,5
DA:22,5
DA:23,5
DA:24,5
DA:28,1
DA:33,1
DA:34,2
DA:35,2
DA:36,2
DA:39,2
DA:43,2
DA:44,2
DA:45,1
DA:53,1
DA:57,1
DA:58,2
DA:59,2
DA:60,1
DA:62,1
DA:67,1
DA:68,6
DA:69,6
DA:70,1
DA:71,5
DA:72,0
DA:74,5
DA:75,1
DA:77,4
DA:78,4
DA:82,1
DA:83,6
DA:85,6
DA:86,6
DA:87,1
DA:92,5
DA:93,5
DA:95,5
DA:98,5
DA:105,4
DA:107,1
DA:111,1
DA:112,3
DA:113,3
DA:114,2
DA:115,1
DA:119,1
DA:120,1
DA:121,1
DA:123,1
DA:127,1
DA:128,5
DA:130,5
DA:131,5
DA:132,0
DA:137,5
DA:138,5
DA:140,5
DA:143,5
DA:150,4
DA:152,1
DA:156,1
DA:157,2
DA:158,2
DA:159,1
DA:161,1
DA:165,1
DA:166,2
DA:167,2
DA:168,1
DA:170,1
DA:174,1
DA:175,2
DA:176,2
DA:177,1
DA:179,1
DA:183,1
LF:89
LH:86
BRDA:12,0,0,0
BRDA:12,0,1,1
BRDA:21,1,0,5
BRDA:21,1,1,0
BRDA:22,2,0,3
BRDA:22,2,1,2
BRDA:22,3,0,5
BRDA:22,3,1,5
BRDA:35,4,0,2
BRDA:35,4,1,2
BRDA:36,5,0,0
BRDA:36,5,1,2
BRDA:69,6,0,1
BRDA:69,6,1,5
BRDA:69,7,0,6
BRDA:69,7,1,1
BRDA:71,8,0,0
BRDA:71,8,1,5
BRDA:74,9,0,1
BRDA:74,9,1,4
BRDA:86,10,0,1
BRDA:86,10,1,5
BRDA:86,11,0,6
BRDA:86,11,1,5
BRDA:92,12,0,3
BRDA:92,12,1,2
BRDA:93,13,0,1
BRDA:93,13,1,4
BRDA:95,14,0,1
BRDA:95,14,1,4
BRDA:95,15,0,5
BRDA:95,15,1,1
BRDA:114,16,0,1
BRDA:114,16,1,1
BRDA:131,17,0,0
BRDA:131,17,1,5
BRDA:131,18,0,5
BRDA:131,18,1,5
BRDA:137,19,0,3
BRDA:137,19,1,2
BRDA:138,20,0,1
BRDA:138,20,1,4
BRDA:140,21,0,1
BRDA:140,21,1,4
BRDA:140,22,0,5
BRDA:140,22,1,1
BRF:46
BRH:41
end_of_record
TN:
SF:src\routes\public.js
FN:12,(anonymous_0)
FN:21,(anonymous_1)
FN:33,(anonymous_2)
FN:48,(anonymous_3)
FN:70,(anonymous_4)
FN:93,(anonymous_5)
FN:97,(anonymous_6)
FN:101,(anonymous_7)
FN:143,(anonymous_8)
FN:149,(anonymous_9)
FN:156,(anonymous_10)
FN:219,(anonymous_11)
FN:235,(anonymous_12)
FN:250,(anonymous_13)
FN:260,(anonymous_14)
FN:264,(anonymous_15)
FN:279,(anonymous_16)
FNF:17
FNH:15
FNDA:1,(anonymous_0)
FNDA:2,(anonymous_1)
FNDA:0,(anonymous_2)
FNDA:3,(anonymous_3)
FNDA:4,(anonymous_4)
FNDA:1,(anonymous_5)
FNDA:1,(anonymous_6)
FNDA:1,(anonymous_7)
FNDA:2,(anonymous_8)
FNDA:2,(anonymous_9)
FNDA:0,(anonymous_10)
FNDA:4,(anonymous_11)
FNDA:4,(anonymous_12)
FNDA:3,(anonymous_13)
FNDA:1,(anonymous_14)
FNDA:3,(anonymous_15)
FNDA:3,(anonymous_16)
DA:1,1
DA:2,1
DA:3,1
DA:4,1
DA:5,1
DA:6,1
DA:8,1
DA:10,1
DA:12,1
DA:13,1
DA:14,1
DA:15,1
DA:17,0
DA:21,1
DA:22,2
DA:23,2
DA:24,2
DA:25,1
DA:29,1
DA:30,1
DA:31,1
DA:32,1
DA:33,1
DA:37,1
DA:44,0
DA:48,1
DA:49,3
DA:50,3
DA:51,3
DA:52,1
DA:56,2
DA:57,2
DA:58,1
DA:63,1
DA:64,1
DA:66,0
DA:70,1
DA:71,4
DA:72,4
DA:73,4
DA:74,4
DA:75,2
DA:76,1
DA:90,2
DA:91,2
DA:92,2
DA:93,2
DA:94,1
DA:96,2
DA:97,2
DA:98,1
DA:101,2
DA:102,1
DA:103,1
DA:104,1
DA:105,1
DA:106,1
DA:107,1
DA:108,1
DA:109,1
DA:110,1
DA:112,1
DA:113,2
DA:116,1
DA:117,30
DA:118,30
DA:119,30
DA:120,30
DA:121,30
DA:122,4
DA:123,4
DA:125,30
DA:128,1
DA:129,1
DA:130,3
DA:132,1
DA:135,1
DA:143,2
DA:144,2
DA:145,2
DA:146,2
DA:149,2
DA:150,2
DA:151,2
DA:152,2
DA:153,2
DA:156,2
DA:157,0
DA:158,0
DA:159,0
DA:162,2
DA:163,2
DA:166,2
DA:167,2
DA:168,2
DA:169,2
DA:173,2
DA:177,2
DA:180,2
DA:184,2
DA:185,2
DA:186,1
DA:187,1
DA:188,1
DA:189,1
DA:190,1
DA:194,1
DA:198,2
DA:199,2
DA:215,1
DA:219,1
DA:220,4
DA:221,4
DA:222,3
DA:223,1
DA:228,2
DA:229,2
DA:231,1
DA:235,1
DA:236,4
DA:237,4
DA:238,3
DA:239,1
DA:243,2
DA:244,2
DA:246,1
DA:250,1
DA:251,3
DA:252,3
DA:253,3
DA:254,2
DA:256,1
DA:260,1
DA:261,1
DA:264,1
DA:265,3
DA:266,3
DA:267,2
DA:268,1
DA:272,1
DA:273,1
DA:275,1
DA:279,1
DA:280,3
DA:281,3
DA:282,2
DA:283,1
DA:287,1
DA:288,1
DA:290,1
DA:294,1
LF:151
LH:145
BRDA:24,0,0,1
BRDA:24,0,1,1
BRDA:30,1,0,1
BRDA:30,1,1,1
BRDA:35,2,0,0
BRDA:35,2,1,0
BRDA:51,3,0,1
BRDA:51,3,1,2
BRDA:57,4,0,1
BRDA:57,4,1,1
BRDA:57,5,0,2
BRDA:57,5,1,1
BRDA:74,6,0,2
BRDA:74,6,1,2
BRDA:119,7,0,30
BRDA:119,7,1,29
BRDA:121,8,0,4
BRDA:121,8,1,26
BRDA:128,9,0,1
BRDA:128,9,1,0
BRDA:162,10,0,1
BRDA:162,10,1,1
BRDA:163,11,0,1
BRDA:163,11,1,1
BRDA:166,12,0,2
BRDA:166,12,1,1
BRDA:167,13,0,2
BRDA:167,13,1,1
BRDA:168,14,0,1
BRDA:168,14,1,1
BRDA:168,15,0,2
BRDA:168,15,1,1
BRDA:169,16,0,1
BRDA:169,16,1,1
BRDA:173,17,0,0
BRDA:173,17,1,2
BRDA:173,18,0,2
BRDA:173,18,1,1
BRDA:173,18,2,1
BRDA:177,19,0,0
BRDA:177,19,1,2
BRDA:177,20,0,2
BRDA:177,20,1,1
BRDA:177,20,2,1
BRDA:180,21,0,1
BRDA:180,21,1,1
BRDA:181,22,0,1
BRDA:181,22,1,0
BRDA:185,23,0,1
BRDA:185,23,1,1
BRDA:185,24,0,2
BRDA:185,24,1,1
BRDA:192,25,0,1
BRDA:192,25,1,0
BRDA:222,26,0,1
BRDA:222,26,1,2
BRDA:238,27,0,1
BRDA:238,27,1,2
BRDA:252,28,0,3
BRDA:252,28,1,1
BRDA:253,29,0,2
BRDA:253,29,1,1
BRDA:267,30,0,1
BRDA:267,30,1,1
BRDA:282,31,0,1
BRDA:282,31,1,1
BRF:66
BRH:59
end_of_record
TN:
SF:src\utils\slugify.js
FN:3,toSlug
FNF:1
FNH:1
FNDA:24,toSlug
DA:1,9
DA:4,24
DA:5,2
DA:7,22
DA:8,22
DA:9,1
DA:11,21
DA:16,21
DA:17,1
DA:19,21
DA:22,9
LF:11
LH:11
BRDA:4,0,0,2
BRDA:4,0,1,22
BRDA:8,1,0,1
BRDA:8,1,1,21
BRDA:16,2,0,1
BRDA:16,2,1,20
BRF:6
BRH:6
end_of_record
TN:
SF:src\utils\text.js
FN:1,stripMarkdown
FN:18,excerpt
FNF:2
FNH:2
FNDA:23,stripMarkdown
FNDA:20,excerpt
DA:2,23
DA:3,1
DA:5,22
DA:19,20
DA:20,20
DA:21,19
DA:23,1
DA:26,3
LF:8
LH:8
BRDA:2,0,0,1
BRDA:2,0,1,22
BRDA:18,1,0,18
BRDA:20,2,0,19
BRDA:20,2,1,1
BRF:5
BRH:5
end_of_record
